[2023-04-25T08:57:29.386+0000] {taskinstance.py:1090} INFO - Dependencies all met for dep_context=non-requeueable deps ti=<TaskInstance: task_on_table.create_table manual__2023-04-25T08:57:28.946161+00:00 [queued]>
[2023-04-25T08:57:29.391+0000] {taskinstance.py:1090} INFO - Dependencies all met for dep_context=requeueable deps ti=<TaskInstance: task_on_table.create_table manual__2023-04-25T08:57:28.946161+00:00 [queued]>
[2023-04-25T08:57:29.392+0000] {taskinstance.py:1288} INFO - 
--------------------------------------------------------------------------------
[2023-04-25T08:57:29.392+0000] {taskinstance.py:1289} INFO - Starting attempt 1 of 1
[2023-04-25T08:57:29.393+0000] {taskinstance.py:1290} INFO - 
--------------------------------------------------------------------------------
[2023-04-25T08:57:29.402+0000] {taskinstance.py:1309} INFO - Executing <Task(PostgresOperator): create_table> on 2023-04-25 08:57:28.946161+00:00
[2023-04-25T08:57:29.405+0000] {standard_task_runner.py:55} INFO - Started process 2513 to run task
[2023-04-25T08:57:29.409+0000] {standard_task_runner.py:82} INFO - Running: ['***', 'tasks', 'run', 'task_on_table', 'create_table', 'manual__2023-04-25T08:57:28.946161+00:00', '--job-id', '123', '--raw', '--subdir', 'DAGS_FOLDER/Task1.py', '--cfg-path', '/tmp/tmpjpvm9jt9']
[2023-04-25T08:57:29.410+0000] {standard_task_runner.py:83} INFO - Job 123: Subtask create_table
[2023-04-25T08:57:29.464+0000] {task_command.py:389} INFO - Running <TaskInstance: task_on_table.create_table manual__2023-04-25T08:57:28.946161+00:00 [running]> on host d51842477fac
[2023-04-25T08:57:29.515+0000] {taskinstance.py:1518} INFO - Exporting the following env vars:
AIRFLOW_CTX_DAG_OWNER=***
AIRFLOW_CTX_DAG_ID=task_on_table
AIRFLOW_CTX_TASK_ID=create_table
AIRFLOW_CTX_EXECUTION_DATE=2023-04-25T08:57:28.946161+00:00
AIRFLOW_CTX_TRY_NUMBER=1
AIRFLOW_CTX_DAG_RUN_ID=manual__2023-04-25T08:57:28.946161+00:00
[2023-04-25T08:57:29.516+0000] {sql.py:254} INFO - Executing: 
            CREATE TABLE IF NOT EXISTS users (
                firstname TEXT NOT NULL,
                lastname TEXT NOT NULL,
                country TEXT NOT NULL,
                email TEXT NOT NULL
            );
        
[2023-04-25T08:57:29.524+0000] {base.py:73} INFO - Using connection ID 'postgres' for task execution.
[2023-04-25T08:57:29.632+0000] {base.py:73} INFO - Using connection ID 'postgres' for task execution.
[2023-04-25T08:57:29.637+0000] {sql.py:375} INFO - Running statement: 
            CREATE TABLE IF NOT EXISTS users (
                firstname TEXT NOT NULL,
                lastname TEXT NOT NULL,
                country TEXT NOT NULL,
                email TEXT NOT NULL
            );
        , parameters: None
[2023-04-25T08:57:29.647+0000] {taskinstance.py:1332} INFO - Marking task as SUCCESS. dag_id=task_on_table, task_id=create_table, execution_date=20230425T085728, start_date=20230425T085729, end_date=20230425T085729
[2023-04-25T08:57:29.665+0000] {local_task_job.py:212} INFO - Task exited with return code 0
[2023-04-25T08:57:29.685+0000] {taskinstance.py:2596} INFO - 1 downstream tasks scheduled from follow-on schedule check
