[2023-04-25T06:36:00.920+0000] {taskinstance.py:1090} INFO - Dependencies all met for dep_context=non-requeueable deps ti=<TaskInstance: task_on_email.send_email manual__2023-04-25T06:35:59.204462+00:00 [queued]>
[2023-04-25T06:36:00.925+0000] {taskinstance.py:1090} INFO - Dependencies all met for dep_context=requeueable deps ti=<TaskInstance: task_on_email.send_email manual__2023-04-25T06:35:59.204462+00:00 [queued]>
[2023-04-25T06:36:00.926+0000] {taskinstance.py:1288} INFO - 
--------------------------------------------------------------------------------
[2023-04-25T06:36:00.926+0000] {taskinstance.py:1289} INFO - Starting attempt 1 of 6
[2023-04-25T06:36:00.927+0000] {taskinstance.py:1290} INFO - 
--------------------------------------------------------------------------------
[2023-04-25T06:36:00.934+0000] {taskinstance.py:1309} INFO - Executing <Task(EmailOperator): send_email> on 2023-04-25 06:35:59.204462+00:00
[2023-04-25T06:36:00.937+0000] {standard_task_runner.py:55} INFO - Started process 467 to run task
[2023-04-25T06:36:00.940+0000] {standard_task_runner.py:82} INFO - Running: ['***', 'tasks', 'run', 'task_on_email', 'send_email', 'manual__2023-04-25T06:35:59.204462+00:00', '--job-id', '72', '--raw', '--subdir', 'DAGS_FOLDER/Task2.py', '--cfg-path', '/tmp/tmp0o_fdwym']
[2023-04-25T06:36:00.941+0000] {standard_task_runner.py:83} INFO - Job 72: Subtask send_email
[2023-04-25T06:36:00.987+0000] {task_command.py:389} INFO - Running <TaskInstance: task_on_email.send_email manual__2023-04-25T06:35:59.204462+00:00 [running]> on host 45e5de7aac15
[2023-04-25T06:36:01.032+0000] {taskinstance.py:1518} INFO - Exporting the following env vars:
AIRFLOW_CTX_DAG_OWNER=admin
AIRFLOW_CTX_DAG_ID=task_on_email
AIRFLOW_CTX_TASK_ID=send_email
AIRFLOW_CTX_EXECUTION_DATE=2023-04-25T06:35:59.204462+00:00
AIRFLOW_CTX_TRY_NUMBER=1
AIRFLOW_CTX_DAG_RUN_ID=manual__2023-04-25T06:35:59.204462+00:00
[2023-04-25T06:36:01.040+0000] {warnings.py:110} WARNING - /home/***/.local/lib/python3.7/site-packages/***/utils/email.py:152: RemovedInAirflow3Warning: Fetching SMTP credentials from configuration variables will be deprecated in a future release. Please set credentials using a connection instead.
  send_mime_email(e_from=mail_from, e_to=recipients, mime_msg=msg, conn_id=conn_id, dryrun=dryrun)

[2023-04-25T06:36:01.041+0000] {email.py:268} INFO - Email alerting: attempt 1
[2023-04-25T06:36:02.654+0000] {email.py:280} INFO - Sent an alert email to ['amitshukla@sigmoidanalytics.com']
[2023-04-25T06:36:04.337+0000] {taskinstance.py:1332} INFO - Marking task as SUCCESS. dag_id=task_on_email, task_id=send_email, execution_date=20230425T063559, start_date=20230425T063600, end_date=20230425T063604
[2023-04-25T06:36:04.389+0000] {local_task_job.py:212} INFO - Task exited with return code 0
[2023-04-25T06:36:04.411+0000] {taskinstance.py:2596} INFO - 0 downstream tasks scheduled from follow-on schedule check
