[2023-04-25T07:45:36.996+0000] {taskinstance.py:1090} INFO - Dependencies all met for dep_context=non-requeueable deps ti=<TaskInstance: slack_integration.dummy_s_f_task manual__2023-04-25T07:45:35.445546+00:00 [queued]>
[2023-04-25T07:45:37.003+0000] {taskinstance.py:1090} INFO - Dependencies all met for dep_context=requeueable deps ti=<TaskInstance: slack_integration.dummy_s_f_task manual__2023-04-25T07:45:35.445546+00:00 [queued]>
[2023-04-25T07:45:37.003+0000] {taskinstance.py:1288} INFO - 
--------------------------------------------------------------------------------
[2023-04-25T07:45:37.004+0000] {taskinstance.py:1289} INFO - Starting attempt 1 of 2
[2023-04-25T07:45:37.004+0000] {taskinstance.py:1290} INFO - 
--------------------------------------------------------------------------------
[2023-04-25T07:45:37.013+0000] {taskinstance.py:1309} INFO - Executing <Task(PythonOperator): dummy_s_f_task> on 2023-04-25 07:45:35.445546+00:00
[2023-04-25T07:45:37.016+0000] {standard_task_runner.py:55} INFO - Started process 1363 to run task
[2023-04-25T07:45:37.019+0000] {standard_task_runner.py:82} INFO - Running: ['***', 'tasks', 'run', 'slack_integration', 'dummy_s_f_task', 'manual__2023-04-25T07:45:35.445546+00:00', '--job-id', '104', '--raw', '--subdir', 'DAGS_FOLDER/Task4.py', '--cfg-path', '/tmp/tmp27w4hone']
[2023-04-25T07:45:37.020+0000] {standard_task_runner.py:83} INFO - Job 104: Subtask dummy_s_f_task
[2023-04-25T07:45:37.074+0000] {task_command.py:389} INFO - Running <TaskInstance: slack_integration.dummy_s_f_task manual__2023-04-25T07:45:35.445546+00:00 [running]> on host d51842477fac
[2023-04-25T07:45:37.128+0000] {taskinstance.py:1518} INFO - Exporting the following env vars:
AIRFLOW_CTX_DAG_OWNER=***
AIRFLOW_CTX_DAG_ID=slack_integration
AIRFLOW_CTX_TASK_ID=dummy_s_f_task
AIRFLOW_CTX_EXECUTION_DATE=2023-04-25T07:45:35.445546+00:00
AIRFLOW_CTX_TRY_NUMBER=1
AIRFLOW_CTX_DAG_RUN_ID=manual__2023-04-25T07:45:35.445546+00:00
[2023-04-25T07:45:37.129+0000] {logging_mixin.py:137} INFO - hi
[2023-04-25T07:45:37.130+0000] {python.py:177} INFO - Done. Returned value was: None
[2023-04-25T07:45:37.140+0000] {taskinstance.py:1332} INFO - Marking task as SUCCESS. dag_id=slack_integration, task_id=dummy_s_f_task, execution_date=20230425T074535, start_date=20230425T074536, end_date=20230425T074537
[2023-04-25T07:45:37.192+0000] {local_task_job.py:212} INFO - Task exited with return code 0
[2023-04-25T07:45:37.210+0000] {taskinstance.py:2596} INFO - 1 downstream tasks scheduled from follow-on schedule check
