[2023-04-21T10:08:26.663+0000] {taskinstance.py:1084} INFO - Dependencies all met for dep_context=non-requeueable deps ti=<TaskInstance: task_on_table.select_values scheduled__2023-04-20T00:00:00+00:00 [queued]>
[2023-04-21T10:08:26.669+0000] {taskinstance.py:1084} INFO - Dependencies all met for dep_context=requeueable deps ti=<TaskInstance: task_on_table.select_values scheduled__2023-04-20T00:00:00+00:00 [queued]>
[2023-04-21T10:08:26.670+0000] {taskinstance.py:1282} INFO - 
--------------------------------------------------------------------------------
[2023-04-21T10:08:26.670+0000] {taskinstance.py:1283} INFO - Starting attempt 1 of 1
[2023-04-21T10:08:26.671+0000] {taskinstance.py:1284} INFO - 
--------------------------------------------------------------------------------
[2023-04-21T10:08:26.679+0000] {taskinstance.py:1303} INFO - Executing <Task(PostgresOperator): select_values> on 2023-04-20 00:00:00+00:00
[2023-04-21T10:08:26.682+0000] {standard_task_runner.py:55} INFO - Started process 620 to run task
[2023-04-21T10:08:26.685+0000] {standard_task_runner.py:82} INFO - Running: ['***', 'tasks', 'run', 'task_on_table', 'select_values', 'scheduled__2023-04-20T00:00:00+00:00', '--job-id', '11', '--raw', '--subdir', 'DAGS_FOLDER/Task1.py', '--cfg-path', '/tmp/tmp2qn5e6i6']
[2023-04-21T10:08:26.687+0000] {standard_task_runner.py:83} INFO - Job 11: Subtask select_values
[2023-04-21T10:08:26.737+0000] {task_command.py:388} INFO - Running <TaskInstance: task_on_table.select_values scheduled__2023-04-20T00:00:00+00:00 [running]> on host cb97ea8540cf
[2023-04-21T10:08:26.785+0000] {taskinstance.py:1511} INFO - Exporting the following env vars:
AIRFLOW_CTX_DAG_OWNER=***
AIRFLOW_CTX_DAG_ID=task_on_table
AIRFLOW_CTX_TASK_ID=select_values
AIRFLOW_CTX_EXECUTION_DATE=2023-04-20T00:00:00+00:00
AIRFLOW_CTX_TRY_NUMBER=1
AIRFLOW_CTX_DAG_RUN_ID=scheduled__2023-04-20T00:00:00+00:00
[2023-04-21T10:08:26.786+0000] {sql.py:254} INFO - Executing: 
            SELECT * FROM users;
        
[2023-04-21T10:08:26.794+0000] {base.py:73} INFO - Using connection ID 'postgres' for task execution.
[2023-04-21T10:08:26.897+0000] {base.py:73} INFO - Using connection ID 'postgres' for task execution.
[2023-04-21T10:08:26.901+0000] {sql.py:375} INFO - Running statement: 
            SELECT * FROM users;
        , parameters: None
[2023-04-21T10:08:26.903+0000] {sql.py:384} INFO - Rows affected: 9
[2023-04-21T10:08:26.920+0000] {taskinstance.py:1326} INFO - Marking task as SUCCESS. dag_id=task_on_table, task_id=select_values, execution_date=20230420T000000, start_date=20230421T100826, end_date=20230421T100826
[2023-04-21T10:08:26.938+0000] {local_task_job.py:212} INFO - Task exited with return code 0
[2023-04-21T10:08:26.951+0000] {taskinstance.py:2585} INFO - 0 downstream tasks scheduled from follow-on schedule check
