[2023-04-25T07:38:32.472+0000] {taskinstance.py:1090} INFO - Dependencies all met for dep_context=non-requeueable deps ti=<TaskInstance: slack_integration.print_date manual__2023-04-25T07:38:31.901659+00:00 [queued]>
[2023-04-25T07:38:32.477+0000] {taskinstance.py:1090} INFO - Dependencies all met for dep_context=requeueable deps ti=<TaskInstance: slack_integration.print_date manual__2023-04-25T07:38:31.901659+00:00 [queued]>
[2023-04-25T07:38:32.478+0000] {taskinstance.py:1288} INFO - 
--------------------------------------------------------------------------------
[2023-04-25T07:38:32.478+0000] {taskinstance.py:1289} INFO - Starting attempt 1 of 2
[2023-04-25T07:38:32.479+0000] {taskinstance.py:1290} INFO - 
--------------------------------------------------------------------------------
[2023-04-25T07:38:32.487+0000] {taskinstance.py:1309} INFO - Executing <Task(BashOperator): print_date> on 2023-04-25 07:38:31.901659+00:00
[2023-04-25T07:38:32.491+0000] {standard_task_runner.py:55} INFO - Started process 1191 to run task
[2023-04-25T07:38:32.494+0000] {standard_task_runner.py:82} INFO - Running: ['***', 'tasks', 'run', 'slack_integration', 'print_date', 'manual__2023-04-25T07:38:31.901659+00:00', '--job-id', '101', '--raw', '--subdir', 'DAGS_FOLDER/Task4.py', '--cfg-path', '/tmp/tmpk51bw1w1']
[2023-04-25T07:38:32.496+0000] {standard_task_runner.py:83} INFO - Job 101: Subtask print_date
[2023-04-25T07:38:32.553+0000] {task_command.py:389} INFO - Running <TaskInstance: slack_integration.print_date manual__2023-04-25T07:38:31.901659+00:00 [running]> on host d51842477fac
[2023-04-25T07:38:32.603+0000] {taskinstance.py:1518} INFO - Exporting the following env vars:
AIRFLOW_CTX_DAG_OWNER=***
AIRFLOW_CTX_DAG_ID=slack_integration
AIRFLOW_CTX_TASK_ID=print_date
AIRFLOW_CTX_EXECUTION_DATE=2023-04-25T07:38:31.901659+00:00
AIRFLOW_CTX_TRY_NUMBER=1
AIRFLOW_CTX_DAG_RUN_ID=manual__2023-04-25T07:38:31.901659+00:00
[2023-04-25T07:38:32.605+0000] {subprocess.py:63} INFO - Tmp dir root location: 
 /tmp
[2023-04-25T07:38:32.605+0000] {subprocess.py:75} INFO - Running command: ['/bin/bash', '-c', 'date']
[2023-04-25T07:38:32.614+0000] {subprocess.py:86} INFO - Output:
[2023-04-25T07:38:32.617+0000] {subprocess.py:93} INFO - Tue Apr 25 07:38:32 UTC 2023
[2023-04-25T07:38:32.618+0000] {subprocess.py:97} INFO - Command exited with return code 0
[2023-04-25T07:38:32.638+0000] {taskinstance.py:1332} INFO - Marking task as SUCCESS. dag_id=slack_integration, task_id=print_date, execution_date=20230425T073831, start_date=20230425T073832, end_date=20230425T073832
[2023-04-25T07:38:32.666+0000] {local_task_job.py:212} INFO - Task exited with return code 0
[2023-04-25T07:38:32.694+0000] {taskinstance.py:2596} INFO - 1 downstream tasks scheduled from follow-on schedule check
