[2023-04-22T00:46:12.838+0000] {taskinstance.py:1084} INFO - Dependencies all met for dep_context=non-requeueable deps ti=<TaskInstance: task_on_table.create_table scheduled__2023-04-21T00:00:00+00:00 [queued]>
[2023-04-22T00:46:12.852+0000] {taskinstance.py:1084} INFO - Dependencies all met for dep_context=requeueable deps ti=<TaskInstance: task_on_table.create_table scheduled__2023-04-21T00:00:00+00:00 [queued]>
[2023-04-22T00:46:12.853+0000] {taskinstance.py:1282} INFO - 
--------------------------------------------------------------------------------
[2023-04-22T00:46:12.854+0000] {taskinstance.py:1283} INFO - Starting attempt 1 of 1
[2023-04-22T00:46:12.855+0000] {taskinstance.py:1284} INFO - 
--------------------------------------------------------------------------------
[2023-04-22T00:46:12.872+0000] {taskinstance.py:1303} INFO - Executing <Task(PostgresOperator): create_table> on 2023-04-21 00:00:00+00:00
[2023-04-22T00:46:12.880+0000] {standard_task_runner.py:55} INFO - Started process 840 to run task
[2023-04-22T00:46:12.884+0000] {standard_task_runner.py:82} INFO - Running: ['***', 'tasks', 'run', 'task_on_table', 'create_table', 'scheduled__2023-04-21T00:00:00+00:00', '--job-id', '22', '--raw', '--subdir', 'DAGS_FOLDER/Task1.py', '--cfg-path', '/tmp/tmpnxhhcifu']
[2023-04-22T00:46:12.889+0000] {standard_task_runner.py:83} INFO - Job 22: Subtask create_table
[2023-04-22T00:46:13.001+0000] {task_command.py:388} INFO - Running <TaskInstance: task_on_table.create_table scheduled__2023-04-21T00:00:00+00:00 [running]> on host 1d6f684d238a
[2023-04-22T00:46:13.113+0000] {taskinstance.py:1511} INFO - Exporting the following env vars:
AIRFLOW_CTX_DAG_OWNER=***
AIRFLOW_CTX_DAG_ID=task_on_table
AIRFLOW_CTX_TASK_ID=create_table
AIRFLOW_CTX_EXECUTION_DATE=2023-04-21T00:00:00+00:00
AIRFLOW_CTX_TRY_NUMBER=1
AIRFLOW_CTX_DAG_RUN_ID=scheduled__2023-04-21T00:00:00+00:00
[2023-04-22T00:46:13.114+0000] {sql.py:254} INFO - Executing: 
            CREATE TABLE IF NOT EXISTS users (
                firstname TEXT NOT NULL,
                lastname TEXT NOT NULL,
                country TEXT NOT NULL,
                email TEXT NOT NULL
            );
        
[2023-04-22T00:46:13.132+0000] {base.py:73} INFO - Using connection ID 'postgres' for task execution.
[2023-04-22T00:46:13.786+0000] {base.py:73} INFO - Using connection ID 'postgres' for task execution.
[2023-04-22T00:46:13.796+0000] {sql.py:375} INFO - Running statement: 
            CREATE TABLE IF NOT EXISTS users (
                firstname TEXT NOT NULL,
                lastname TEXT NOT NULL,
                country TEXT NOT NULL,
                email TEXT NOT NULL
            );
        , parameters: None
[2023-04-22T00:46:13.816+0000] {taskinstance.py:1326} INFO - Marking task as SUCCESS. dag_id=task_on_table, task_id=create_table, execution_date=20230421T000000, start_date=20230422T004612, end_date=20230422T004613
[2023-04-22T00:46:13.861+0000] {local_task_job.py:212} INFO - Task exited with return code 0
[2023-04-22T00:46:13.885+0000] {taskinstance.py:2585} INFO - 1 downstream tasks scheduled from follow-on schedule check
