[2023-04-25T08:37:12.894+0000] {taskinstance.py:1090} INFO - Dependencies all met for dep_context=non-requeueable deps ti=<TaskInstance: slack_integration.dummy_task manual__2023-04-25T08:37:11.922943+00:00 [queued]>
[2023-04-25T08:37:12.901+0000] {taskinstance.py:1090} INFO - Dependencies all met for dep_context=requeueable deps ti=<TaskInstance: slack_integration.dummy_task manual__2023-04-25T08:37:11.922943+00:00 [queued]>
[2023-04-25T08:37:12.901+0000] {taskinstance.py:1288} INFO - 
--------------------------------------------------------------------------------
[2023-04-25T08:37:12.902+0000] {taskinstance.py:1289} INFO - Starting attempt 1 of 1
[2023-04-25T08:37:12.902+0000] {taskinstance.py:1290} INFO - 
--------------------------------------------------------------------------------
[2023-04-25T08:37:12.910+0000] {taskinstance.py:1309} INFO - Executing <Task(PythonOperator): dummy_task> on 2023-04-25 08:37:11.922943+00:00
[2023-04-25T08:37:12.914+0000] {standard_task_runner.py:55} INFO - Started process 2025 to run task
[2023-04-25T08:37:12.917+0000] {standard_task_runner.py:82} INFO - Running: ['***', 'tasks', 'run', 'slack_integration', 'dummy_task', 'manual__2023-04-25T08:37:11.922943+00:00', '--job-id', '114', '--raw', '--subdir', 'DAGS_FOLDER/Task4.py', '--cfg-path', '/tmp/tmperdbqtd2']
[2023-04-25T08:37:12.918+0000] {standard_task_runner.py:83} INFO - Job 114: Subtask dummy_task
[2023-04-25T08:37:12.966+0000] {task_command.py:389} INFO - Running <TaskInstance: slack_integration.dummy_task manual__2023-04-25T08:37:11.922943+00:00 [running]> on host d51842477fac
[2023-04-25T08:37:13.015+0000] {taskinstance.py:1518} INFO - Exporting the following env vars:
AIRFLOW_CTX_DAG_OWNER=***
AIRFLOW_CTX_DAG_ID=slack_integration
AIRFLOW_CTX_TASK_ID=dummy_task
AIRFLOW_CTX_EXECUTION_DATE=2023-04-25T08:37:11.922943+00:00
AIRFLOW_CTX_TRY_NUMBER=1
AIRFLOW_CTX_DAG_RUN_ID=manual__2023-04-25T08:37:11.922943+00:00
[2023-04-25T08:37:13.017+0000] {logging_mixin.py:137} INFO - 79
[2023-04-25T08:37:13.017+0000] {python.py:177} INFO - Done. Returned value was: None
[2023-04-25T08:37:13.026+0000] {taskinstance.py:1332} INFO - Marking task as SUCCESS. dag_id=slack_integration, task_id=dummy_task, execution_date=20230425T083711, start_date=20230425T083712, end_date=20230425T083713
[2023-04-25T08:37:13.050+0000] {local_task_job.py:212} INFO - Task exited with return code 0
[2023-04-25T08:37:13.069+0000] {taskinstance.py:2596} INFO - 1 downstream tasks scheduled from follow-on schedule check
