[2023-04-21T10:08:27.766+0000] {taskinstance.py:1084} INFO - Dependencies all met for dep_context=non-requeueable deps ti=<TaskInstance: task_on_table.create_table manual__2023-04-21T10:08:27.029427+00:00 [queued]>
[2023-04-21T10:08:27.778+0000] {taskinstance.py:1084} INFO - Dependencies all met for dep_context=requeueable deps ti=<TaskInstance: task_on_table.create_table manual__2023-04-21T10:08:27.029427+00:00 [queued]>
[2023-04-21T10:08:27.779+0000] {taskinstance.py:1282} INFO - 
--------------------------------------------------------------------------------
[2023-04-21T10:08:27.779+0000] {taskinstance.py:1283} INFO - Starting attempt 1 of 1
[2023-04-21T10:08:27.780+0000] {taskinstance.py:1284} INFO - 
--------------------------------------------------------------------------------
[2023-04-21T10:08:27.788+0000] {taskinstance.py:1303} INFO - Executing <Task(PostgresOperator): create_table> on 2023-04-21 10:08:27.029427+00:00
[2023-04-21T10:08:27.792+0000] {standard_task_runner.py:55} INFO - Started process 622 to run task
[2023-04-21T10:08:27.795+0000] {standard_task_runner.py:82} INFO - Running: ['***', 'tasks', 'run', 'task_on_table', 'create_table', 'manual__2023-04-21T10:08:27.029427+00:00', '--job-id', '12', '--raw', '--subdir', 'DAGS_FOLDER/Task1.py', '--cfg-path', '/tmp/tmpspqsn2iy']
[2023-04-21T10:08:27.798+0000] {standard_task_runner.py:83} INFO - Job 12: Subtask create_table
[2023-04-21T10:08:27.848+0000] {task_command.py:388} INFO - Running <TaskInstance: task_on_table.create_table manual__2023-04-21T10:08:27.029427+00:00 [running]> on host cb97ea8540cf
[2023-04-21T10:08:27.897+0000] {taskinstance.py:1511} INFO - Exporting the following env vars:
AIRFLOW_CTX_DAG_OWNER=***
AIRFLOW_CTX_DAG_ID=task_on_table
AIRFLOW_CTX_TASK_ID=create_table
AIRFLOW_CTX_EXECUTION_DATE=2023-04-21T10:08:27.029427+00:00
AIRFLOW_CTX_TRY_NUMBER=1
AIRFLOW_CTX_DAG_RUN_ID=manual__2023-04-21T10:08:27.029427+00:00
[2023-04-21T10:08:27.898+0000] {sql.py:254} INFO - Executing: 
            CREATE TABLE IF NOT EXISTS users (
                firstname TEXT NOT NULL,
                lastname TEXT NOT NULL,
                country TEXT NOT NULL,
                email TEXT NOT NULL
            );
        
[2023-04-21T10:08:27.905+0000] {base.py:73} INFO - Using connection ID 'postgres' for task execution.
[2023-04-21T10:08:28.010+0000] {base.py:73} INFO - Using connection ID 'postgres' for task execution.
[2023-04-21T10:08:28.014+0000] {sql.py:375} INFO - Running statement: 
            CREATE TABLE IF NOT EXISTS users (
                firstname TEXT NOT NULL,
                lastname TEXT NOT NULL,
                country TEXT NOT NULL,
                email TEXT NOT NULL
            );
        , parameters: None
[2023-04-21T10:08:28.023+0000] {taskinstance.py:1326} INFO - Marking task as SUCCESS. dag_id=task_on_table, task_id=create_table, execution_date=20230421T100827, start_date=20230421T100827, end_date=20230421T100828
[2023-04-21T10:08:28.054+0000] {local_task_job.py:212} INFO - Task exited with return code 0
[2023-04-21T10:08:28.073+0000] {taskinstance.py:2585} INFO - 1 downstream tasks scheduled from follow-on schedule check
