[2023-04-25T06:42:09.542+0000] {taskinstance.py:1090} INFO - Dependencies all met for dep_context=non-requeueable deps ti=<TaskInstance: task_on_email.send_email manual__2023-04-25T06:42:07.292472+00:00 [queued]>
[2023-04-25T06:42:09.548+0000] {taskinstance.py:1090} INFO - Dependencies all met for dep_context=requeueable deps ti=<TaskInstance: task_on_email.send_email manual__2023-04-25T06:42:07.292472+00:00 [queued]>
[2023-04-25T06:42:09.549+0000] {taskinstance.py:1288} INFO - 
--------------------------------------------------------------------------------
[2023-04-25T06:42:09.549+0000] {taskinstance.py:1289} INFO - Starting attempt 1 of 6
[2023-04-25T06:42:09.550+0000] {taskinstance.py:1290} INFO - 
--------------------------------------------------------------------------------
[2023-04-25T06:42:09.557+0000] {taskinstance.py:1309} INFO - Executing <Task(EmailOperator): send_email> on 2023-04-25 06:42:07.292472+00:00
[2023-04-25T06:42:09.561+0000] {standard_task_runner.py:55} INFO - Started process 613 to run task
[2023-04-25T06:42:09.564+0000] {standard_task_runner.py:82} INFO - Running: ['***', 'tasks', 'run', 'task_on_email', 'send_email', 'manual__2023-04-25T06:42:07.292472+00:00', '--job-id', '73', '--raw', '--subdir', 'DAGS_FOLDER/Task2.py', '--cfg-path', '/tmp/tmpfj8_qi01']
[2023-04-25T06:42:09.565+0000] {standard_task_runner.py:83} INFO - Job 73: Subtask send_email
[2023-04-25T06:42:09.617+0000] {task_command.py:389} INFO - Running <TaskInstance: task_on_email.send_email manual__2023-04-25T06:42:07.292472+00:00 [running]> on host 45e5de7aac15
[2023-04-25T06:42:09.667+0000] {taskinstance.py:1518} INFO - Exporting the following env vars:
AIRFLOW_CTX_DAG_OWNER=admin
AIRFLOW_CTX_DAG_ID=task_on_email
AIRFLOW_CTX_TASK_ID=send_email
AIRFLOW_CTX_EXECUTION_DATE=2023-04-25T06:42:07.292472+00:00
AIRFLOW_CTX_TRY_NUMBER=1
AIRFLOW_CTX_DAG_RUN_ID=manual__2023-04-25T06:42:07.292472+00:00
[2023-04-25T06:42:09.677+0000] {warnings.py:110} WARNING - /home/***/.local/lib/python3.7/site-packages/***/utils/email.py:152: RemovedInAirflow3Warning: Fetching SMTP credentials from configuration variables will be deprecated in a future release. Please set credentials using a connection instead.
  send_mime_email(e_from=mail_from, e_to=recipients, mime_msg=msg, conn_id=conn_id, dryrun=dryrun)

[2023-04-25T06:42:09.678+0000] {email.py:268} INFO - Email alerting: attempt 1
[2023-04-25T06:42:11.060+0000] {email.py:280} INFO - Sent an alert email to ['amitshukla@sigmoidanalytics.com']
[2023-04-25T06:42:12.743+0000] {taskinstance.py:1332} INFO - Marking task as SUCCESS. dag_id=task_on_email, task_id=send_email, execution_date=20230425T064207, start_date=20230425T064209, end_date=20230425T064212
[2023-04-25T06:42:12.812+0000] {local_task_job.py:212} INFO - Task exited with return code 0
[2023-04-25T06:42:12.835+0000] {taskinstance.py:2596} INFO - 0 downstream tasks scheduled from follow-on schedule check
