[2023-04-21T10:06:11.939+0000] {taskinstance.py:1084} INFO - Dependencies all met for dep_context=non-requeueable deps ti=<TaskInstance: user_processing_2.select_values scheduled__2023-04-20T00:00:00+00:00 [queued]>
[2023-04-21T10:06:11.946+0000] {taskinstance.py:1084} INFO - Dependencies all met for dep_context=requeueable deps ti=<TaskInstance: user_processing_2.select_values scheduled__2023-04-20T00:00:00+00:00 [queued]>
[2023-04-21T10:06:11.946+0000] {taskinstance.py:1282} INFO - 
--------------------------------------------------------------------------------
[2023-04-21T10:06:11.947+0000] {taskinstance.py:1283} INFO - Starting attempt 1 of 1
[2023-04-21T10:06:11.947+0000] {taskinstance.py:1284} INFO - 
--------------------------------------------------------------------------------
[2023-04-21T10:06:11.955+0000] {taskinstance.py:1303} INFO - Executing <Task(PostgresOperator): select_values> on 2023-04-20 00:00:00+00:00
[2023-04-21T10:06:11.958+0000] {standard_task_runner.py:55} INFO - Started process 550 to run task
[2023-04-21T10:06:11.962+0000] {standard_task_runner.py:82} INFO - Running: ['***', 'tasks', 'run', 'user_processing_2', 'select_values', 'scheduled__2023-04-20T00:00:00+00:00', '--job-id', '5', '--raw', '--subdir', 'DAGS_FOLDER/Task1.py', '--cfg-path', '/tmp/tmpizqkbfp4']
[2023-04-21T10:06:11.963+0000] {standard_task_runner.py:83} INFO - Job 5: Subtask select_values
[2023-04-21T10:06:12.013+0000] {task_command.py:388} INFO - Running <TaskInstance: user_processing_2.select_values scheduled__2023-04-20T00:00:00+00:00 [running]> on host cb97ea8540cf
[2023-04-21T10:06:12.060+0000] {taskinstance.py:1511} INFO - Exporting the following env vars:
AIRFLOW_CTX_DAG_OWNER=***
AIRFLOW_CTX_DAG_ID=user_processing_2
AIRFLOW_CTX_TASK_ID=select_values
AIRFLOW_CTX_EXECUTION_DATE=2023-04-20T00:00:00+00:00
AIRFLOW_CTX_TRY_NUMBER=1
AIRFLOW_CTX_DAG_RUN_ID=scheduled__2023-04-20T00:00:00+00:00
[2023-04-21T10:06:12.061+0000] {sql.py:254} INFO - Executing: 
            SELECT * FROM users;
        
[2023-04-21T10:06:12.070+0000] {base.py:73} INFO - Using connection ID 'postgres' for task execution.
[2023-04-21T10:06:12.172+0000] {base.py:73} INFO - Using connection ID 'postgres' for task execution.
[2023-04-21T10:06:12.177+0000] {sql.py:375} INFO - Running statement: 
            SELECT * FROM users;
        , parameters: None
[2023-04-21T10:06:12.178+0000] {sql.py:384} INFO - Rows affected: 3
[2023-04-21T10:06:12.196+0000] {taskinstance.py:1326} INFO - Marking task as SUCCESS. dag_id=user_processing_2, task_id=select_values, execution_date=20230420T000000, start_date=20230421T100611, end_date=20230421T100612
[2023-04-21T10:06:12.217+0000] {local_task_job.py:212} INFO - Task exited with return code 0
[2023-04-21T10:06:12.231+0000] {taskinstance.py:2585} INFO - 0 downstream tasks scheduled from follow-on schedule check
