[2023-04-25T07:29:57.901+0000] {taskinstance.py:1090} INFO - Dependencies all met for dep_context=non-requeueable deps ti=<TaskInstance: slack_integration.print_date scheduled__2023-04-24T00:00:00+00:00 [queued]>
[2023-04-25T07:29:57.909+0000] {taskinstance.py:1090} INFO - Dependencies all met for dep_context=requeueable deps ti=<TaskInstance: slack_integration.print_date scheduled__2023-04-24T00:00:00+00:00 [queued]>
[2023-04-25T07:29:57.909+0000] {taskinstance.py:1288} INFO - 
--------------------------------------------------------------------------------
[2023-04-25T07:29:57.910+0000] {taskinstance.py:1289} INFO - Starting attempt 1 of 2
[2023-04-25T07:29:57.910+0000] {taskinstance.py:1290} INFO - 
--------------------------------------------------------------------------------
[2023-04-25T07:29:57.919+0000] {taskinstance.py:1309} INFO - Executing <Task(BashOperator): print_date> on 2023-04-24 00:00:00+00:00
[2023-04-25T07:29:57.923+0000] {standard_task_runner.py:55} INFO - Started process 968 to run task
[2023-04-25T07:29:57.927+0000] {standard_task_runner.py:82} INFO - Running: ['***', 'tasks', 'run', 'slack_integration', 'print_date', 'scheduled__2023-04-24T00:00:00+00:00', '--job-id', '91', '--raw', '--subdir', 'DAGS_FOLDER/Task4.py', '--cfg-path', '/tmp/tmp4duma5w0']
[2023-04-25T07:29:57.928+0000] {standard_task_runner.py:83} INFO - Job 91: Subtask print_date
[2023-04-25T07:29:57.988+0000] {task_command.py:389} INFO - Running <TaskInstance: slack_integration.print_date scheduled__2023-04-24T00:00:00+00:00 [running]> on host d51842477fac
[2023-04-25T07:29:58.054+0000] {taskinstance.py:1518} INFO - Exporting the following env vars:
AIRFLOW_CTX_DAG_OWNER=***
AIRFLOW_CTX_DAG_ID=slack_integration
AIRFLOW_CTX_TASK_ID=print_date
AIRFLOW_CTX_EXECUTION_DATE=2023-04-24T00:00:00+00:00
AIRFLOW_CTX_TRY_NUMBER=1
AIRFLOW_CTX_DAG_RUN_ID=scheduled__2023-04-24T00:00:00+00:00
[2023-04-25T07:29:58.056+0000] {subprocess.py:63} INFO - Tmp dir root location: 
 /tmp
[2023-04-25T07:29:58.057+0000] {subprocess.py:75} INFO - Running command: ['/bin/bash', '-c', 'date']
[2023-04-25T07:29:58.069+0000] {subprocess.py:86} INFO - Output:
[2023-04-25T07:29:58.072+0000] {subprocess.py:93} INFO - Tue Apr 25 07:29:58 UTC 2023
[2023-04-25T07:29:58.073+0000] {subprocess.py:97} INFO - Command exited with return code 0
[2023-04-25T07:29:58.097+0000] {taskinstance.py:1332} INFO - Marking task as SUCCESS. dag_id=slack_integration, task_id=print_date, execution_date=20230424T000000, start_date=20230425T072957, end_date=20230425T072958
[2023-04-25T07:29:58.139+0000] {local_task_job.py:212} INFO - Task exited with return code 0
[2023-04-25T07:29:58.157+0000] {taskinstance.py:2596} INFO - 1 downstream tasks scheduled from follow-on schedule check
