[2023-04-25T06:12:09.672+0000] {taskinstance.py:1084} INFO - Dependencies all met for dep_context=non-requeueable deps ti=<TaskInstance: task_on_table.create_table scheduled__2023-04-24T00:00:00+00:00 [queued]>
[2023-04-25T06:12:09.724+0000] {taskinstance.py:1084} INFO - Dependencies all met for dep_context=requeueable deps ti=<TaskInstance: task_on_table.create_table scheduled__2023-04-24T00:00:00+00:00 [queued]>
[2023-04-25T06:12:09.725+0000] {taskinstance.py:1282} INFO - 
--------------------------------------------------------------------------------
[2023-04-25T06:12:09.726+0000] {taskinstance.py:1283} INFO - Starting attempt 1 of 1
[2023-04-25T06:12:09.726+0000] {taskinstance.py:1284} INFO - 
--------------------------------------------------------------------------------
[2023-04-25T06:12:09.791+0000] {taskinstance.py:1303} INFO - Executing <Task(PostgresOperator): create_table> on 2023-04-24 00:00:00+00:00
[2023-04-25T06:12:09.812+0000] {standard_task_runner.py:55} INFO - Started process 181 to run task
[2023-04-25T06:12:09.835+0000] {standard_task_runner.py:82} INFO - Running: ['***', 'tasks', 'run', 'task_on_table', 'create_table', 'scheduled__2023-04-24T00:00:00+00:00', '--job-id', '61', '--raw', '--subdir', 'DAGS_FOLDER/Task1.py', '--cfg-path', '/tmp/tmpc52d814c']
[2023-04-25T06:12:09.871+0000] {standard_task_runner.py:83} INFO - Job 61: Subtask create_table
[2023-04-25T06:12:10.205+0000] {task_command.py:388} INFO - Running <TaskInstance: task_on_table.create_table scheduled__2023-04-24T00:00:00+00:00 [running]> on host 1d6f684d238a
[2023-04-25T06:12:10.483+0000] {taskinstance.py:1511} INFO - Exporting the following env vars:
AIRFLOW_CTX_DAG_OWNER=***
AIRFLOW_CTX_DAG_ID=task_on_table
AIRFLOW_CTX_TASK_ID=create_table
AIRFLOW_CTX_EXECUTION_DATE=2023-04-24T00:00:00+00:00
AIRFLOW_CTX_TRY_NUMBER=1
AIRFLOW_CTX_DAG_RUN_ID=scheduled__2023-04-24T00:00:00+00:00
[2023-04-25T06:12:10.485+0000] {sql.py:254} INFO - Executing: 
            CREATE TABLE IF NOT EXISTS users (
                firstname TEXT NOT NULL,
                lastname TEXT NOT NULL,
                country TEXT NOT NULL,
                email TEXT NOT NULL
            );
        
[2023-04-25T06:12:10.497+0000] {base.py:73} INFO - Using connection ID 'postgres' for task execution.
[2023-04-25T06:12:10.961+0000] {base.py:73} INFO - Using connection ID 'postgres' for task execution.
[2023-04-25T06:12:10.969+0000] {sql.py:375} INFO - Running statement: 
            CREATE TABLE IF NOT EXISTS users (
                firstname TEXT NOT NULL,
                lastname TEXT NOT NULL,
                country TEXT NOT NULL,
                email TEXT NOT NULL
            );
        , parameters: None
[2023-04-25T06:12:10.979+0000] {taskinstance.py:1326} INFO - Marking task as SUCCESS. dag_id=task_on_table, task_id=create_table, execution_date=20230424T000000, start_date=20230425T061209, end_date=20230425T061210
[2023-04-25T06:12:11.003+0000] {local_task_job.py:212} INFO - Task exited with return code 0
[2023-04-25T06:12:11.030+0000] {taskinstance.py:2585} INFO - 1 downstream tasks scheduled from follow-on schedule check
[2023-04-25T08:57:24.285+0000] {taskinstance.py:1090} INFO - Dependencies all met for dep_context=non-requeueable deps ti=<TaskInstance: task_on_table.create_table scheduled__2023-04-24T00:00:00+00:00 [queued]>
[2023-04-25T08:57:24.291+0000] {taskinstance.py:1090} INFO - Dependencies all met for dep_context=requeueable deps ti=<TaskInstance: task_on_table.create_table scheduled__2023-04-24T00:00:00+00:00 [queued]>
[2023-04-25T08:57:24.292+0000] {taskinstance.py:1288} INFO - 
--------------------------------------------------------------------------------
[2023-04-25T08:57:24.292+0000] {taskinstance.py:1289} INFO - Starting attempt 1 of 1
[2023-04-25T08:57:24.293+0000] {taskinstance.py:1290} INFO - 
--------------------------------------------------------------------------------
[2023-04-25T08:57:24.300+0000] {taskinstance.py:1309} INFO - Executing <Task(PostgresOperator): create_table> on 2023-04-24 00:00:00+00:00
[2023-04-25T08:57:24.304+0000] {standard_task_runner.py:55} INFO - Started process 2507 to run task
[2023-04-25T08:57:24.307+0000] {standard_task_runner.py:82} INFO - Running: ['***', 'tasks', 'run', 'task_on_table', 'create_table', 'scheduled__2023-04-24T00:00:00+00:00', '--job-id', '120', '--raw', '--subdir', 'DAGS_FOLDER/Task1.py', '--cfg-path', '/tmp/tmpg44uyse_']
[2023-04-25T08:57:24.308+0000] {standard_task_runner.py:83} INFO - Job 120: Subtask create_table
[2023-04-25T08:57:24.357+0000] {task_command.py:389} INFO - Running <TaskInstance: task_on_table.create_table scheduled__2023-04-24T00:00:00+00:00 [running]> on host d51842477fac
[2023-04-25T08:57:24.404+0000] {taskinstance.py:1518} INFO - Exporting the following env vars:
AIRFLOW_CTX_DAG_OWNER=***
AIRFLOW_CTX_DAG_ID=task_on_table
AIRFLOW_CTX_TASK_ID=create_table
AIRFLOW_CTX_EXECUTION_DATE=2023-04-24T00:00:00+00:00
AIRFLOW_CTX_TRY_NUMBER=1
AIRFLOW_CTX_DAG_RUN_ID=scheduled__2023-04-24T00:00:00+00:00
[2023-04-25T08:57:24.405+0000] {sql.py:254} INFO - Executing: 
            CREATE TABLE IF NOT EXISTS users (
                firstname TEXT NOT NULL,
                lastname TEXT NOT NULL,
                country TEXT NOT NULL,
                email TEXT NOT NULL
            );
        
[2023-04-25T08:57:24.412+0000] {base.py:73} INFO - Using connection ID 'postgres' for task execution.
[2023-04-25T08:57:24.574+0000] {base.py:73} INFO - Using connection ID 'postgres' for task execution.
[2023-04-25T08:57:24.581+0000] {sql.py:375} INFO - Running statement: 
            CREATE TABLE IF NOT EXISTS users (
                firstname TEXT NOT NULL,
                lastname TEXT NOT NULL,
                country TEXT NOT NULL,
                email TEXT NOT NULL
            );
        , parameters: None
[2023-04-25T08:57:24.605+0000] {taskinstance.py:1332} INFO - Marking task as SUCCESS. dag_id=task_on_table, task_id=create_table, execution_date=20230424T000000, start_date=20230425T085724, end_date=20230425T085724
[2023-04-25T08:57:24.641+0000] {local_task_job.py:212} INFO - Task exited with return code 0
[2023-04-25T08:57:24.669+0000] {taskinstance.py:2596} INFO - 1 downstream tasks scheduled from follow-on schedule check
