[2023-04-21T10:18:06.109+0000] {taskinstance.py:1084} INFO - Dependencies all met for dep_context=non-requeueable deps ti=<TaskInstance: task_on_table.select_values manual__2023-04-21T10:18:03.552354+00:00 [queued]>
[2023-04-21T10:18:06.116+0000] {taskinstance.py:1084} INFO - Dependencies all met for dep_context=requeueable deps ti=<TaskInstance: task_on_table.select_values manual__2023-04-21T10:18:03.552354+00:00 [queued]>
[2023-04-21T10:18:06.117+0000] {taskinstance.py:1282} INFO - 
--------------------------------------------------------------------------------
[2023-04-21T10:18:06.117+0000] {taskinstance.py:1283} INFO - Starting attempt 1 of 1
[2023-04-21T10:18:06.118+0000] {taskinstance.py:1284} INFO - 
--------------------------------------------------------------------------------
[2023-04-21T10:18:06.129+0000] {taskinstance.py:1303} INFO - Executing <Task(PostgresOperator): select_values> on 2023-04-21 10:18:03.552354+00:00
[2023-04-21T10:18:06.132+0000] {standard_task_runner.py:55} INFO - Started process 870 to run task
[2023-04-21T10:18:06.136+0000] {standard_task_runner.py:82} INFO - Running: ['***', 'tasks', 'run', 'task_on_table', 'select_values', 'manual__2023-04-21T10:18:03.552354+00:00', '--job-id', '17', '--raw', '--subdir', 'DAGS_FOLDER/Task1.py', '--cfg-path', '/tmp/tmpnwpmb1sm']
[2023-04-21T10:18:06.138+0000] {standard_task_runner.py:83} INFO - Job 17: Subtask select_values
[2023-04-21T10:18:06.190+0000] {task_command.py:388} INFO - Running <TaskInstance: task_on_table.select_values manual__2023-04-21T10:18:03.552354+00:00 [running]> on host cb97ea8540cf
[2023-04-21T10:18:06.240+0000] {taskinstance.py:1511} INFO - Exporting the following env vars:
AIRFLOW_CTX_DAG_OWNER=***
AIRFLOW_CTX_DAG_ID=task_on_table
AIRFLOW_CTX_TASK_ID=select_values
AIRFLOW_CTX_EXECUTION_DATE=2023-04-21T10:18:03.552354+00:00
AIRFLOW_CTX_TRY_NUMBER=1
AIRFLOW_CTX_DAG_RUN_ID=manual__2023-04-21T10:18:03.552354+00:00
[2023-04-21T10:18:06.241+0000] {sql.py:254} INFO - Executing: 
            SELECT * FROM users;
        
[2023-04-21T10:18:06.250+0000] {base.py:73} INFO - Using connection ID 'postgres' for task execution.
[2023-04-21T10:18:06.357+0000] {base.py:73} INFO - Using connection ID 'postgres' for task execution.
[2023-04-21T10:18:06.362+0000] {sql.py:375} INFO - Running statement: 
            SELECT * FROM users;
        , parameters: None
[2023-04-21T10:18:06.363+0000] {sql.py:384} INFO - Rows affected: 3
[2023-04-21T10:18:06.382+0000] {taskinstance.py:1326} INFO - Marking task as SUCCESS. dag_id=task_on_table, task_id=select_values, execution_date=20230421T101803, start_date=20230421T101806, end_date=20230421T101806
[2023-04-21T10:18:06.429+0000] {local_task_job.py:212} INFO - Task exited with return code 0
[2023-04-21T10:18:06.442+0000] {taskinstance.py:2585} INFO - 0 downstream tasks scheduled from follow-on schedule check
