[2023-04-22T00:46:13.725+0000] {processor.py:153} INFO - Started process (PID=843) to work on /opt/airflow/dags/Task1.py
[2023-04-22T00:46:13.731+0000] {processor.py:743} INFO - Processing file /opt/airflow/dags/Task1.py for tasks to queue
[2023-04-22T00:46:13.733+0000] {logging_mixin.py:137} INFO - [2023-04-22T00:46:13.733+0000] {dagbag.py:532} INFO - Filling up the DagBag from /opt/airflow/dags/Task1.py
[2023-04-22T00:46:13.785+0000] {processor.py:753} INFO - DAG(s) dict_keys(['task_on_table']) retrieved from /opt/airflow/dags/Task1.py
[2023-04-22T00:46:13.828+0000] {logging_mixin.py:137} INFO - [2023-04-22T00:46:13.828+0000] {dag.py:2693} INFO - Sync 1 DAGs
[2023-04-22T00:46:13.850+0000] {logging_mixin.py:137} INFO - [2023-04-22T00:46:13.850+0000] {dag.py:3444} INFO - Setting next_dagrun for task_on_table to 2023-04-22T00:00:00+00:00, run_after=2023-04-23T00:00:00+00:00
[2023-04-22T00:46:13.865+0000] {processor.py:175} INFO - Processing /opt/airflow/dags/Task1.py took 0.143 seconds
[2023-04-22T02:08:39.045+0000] {processor.py:153} INFO - Started process (PID=866) to work on /opt/airflow/dags/Task1.py
[2023-04-22T02:08:39.046+0000] {processor.py:743} INFO - Processing file /opt/airflow/dags/Task1.py for tasks to queue
[2023-04-22T02:08:39.047+0000] {logging_mixin.py:137} INFO - [2023-04-22T02:08:39.046+0000] {dagbag.py:532} INFO - Filling up the DagBag from /opt/airflow/dags/Task1.py
[2023-04-22T02:08:39.070+0000] {processor.py:753} INFO - DAG(s) dict_keys(['task_on_table']) retrieved from /opt/airflow/dags/Task1.py
[2023-04-22T02:08:39.090+0000] {logging_mixin.py:137} INFO - [2023-04-22T02:08:39.090+0000] {dag.py:2693} INFO - Sync 1 DAGs
[2023-04-22T02:08:39.107+0000] {logging_mixin.py:137} INFO - [2023-04-22T02:08:39.107+0000] {dag.py:3444} INFO - Setting next_dagrun for task_on_table to 2023-04-22T00:00:00+00:00, run_after=2023-04-23T00:00:00+00:00
[2023-04-22T02:08:39.118+0000] {processor.py:175} INFO - Processing /opt/airflow/dags/Task1.py took 0.078 seconds
[2023-04-22T03:31:36.430+0000] {processor.py:153} INFO - Started process (PID=882) to work on /opt/airflow/dags/Task1.py
[2023-04-22T03:31:36.442+0000] {processor.py:743} INFO - Processing file /opt/airflow/dags/Task1.py for tasks to queue
[2023-04-22T03:31:36.447+0000] {logging_mixin.py:137} INFO - [2023-04-22T03:31:36.447+0000] {dagbag.py:532} INFO - Filling up the DagBag from /opt/airflow/dags/Task1.py
[2023-04-22T03:31:36.492+0000] {processor.py:753} INFO - DAG(s) dict_keys(['task_on_table']) retrieved from /opt/airflow/dags/Task1.py
[2023-04-22T03:31:36.529+0000] {logging_mixin.py:137} INFO - [2023-04-22T03:31:36.529+0000] {dag.py:2693} INFO - Sync 1 DAGs
[2023-04-22T03:31:36.563+0000] {logging_mixin.py:137} INFO - [2023-04-22T03:31:36.562+0000] {dag.py:3444} INFO - Setting next_dagrun for task_on_table to 2023-04-22T00:00:00+00:00, run_after=2023-04-23T00:00:00+00:00
[2023-04-22T03:31:36.618+0000] {processor.py:175} INFO - Processing /opt/airflow/dags/Task1.py took 0.199 seconds
[2023-04-22T04:54:53.365+0000] {processor.py:153} INFO - Started process (PID=900) to work on /opt/airflow/dags/Task1.py
[2023-04-22T04:54:53.366+0000] {processor.py:743} INFO - Processing file /opt/airflow/dags/Task1.py for tasks to queue
[2023-04-22T04:54:53.367+0000] {logging_mixin.py:137} INFO - [2023-04-22T04:54:53.367+0000] {dagbag.py:532} INFO - Filling up the DagBag from /opt/airflow/dags/Task1.py
[2023-04-22T04:54:53.391+0000] {processor.py:753} INFO - DAG(s) dict_keys(['task_on_table']) retrieved from /opt/airflow/dags/Task1.py
[2023-04-22T04:54:53.410+0000] {logging_mixin.py:137} INFO - [2023-04-22T04:54:53.410+0000] {dag.py:2693} INFO - Sync 1 DAGs
[2023-04-22T04:54:53.426+0000] {logging_mixin.py:137} INFO - [2023-04-22T04:54:53.426+0000] {dag.py:3444} INFO - Setting next_dagrun for task_on_table to 2023-04-22T00:00:00+00:00, run_after=2023-04-23T00:00:00+00:00
[2023-04-22T04:54:53.440+0000] {processor.py:175} INFO - Processing /opt/airflow/dags/Task1.py took 0.077 seconds
[2023-04-22T12:14:22.670+0000] {processor.py:153} INFO - Started process (PID=169) to work on /opt/airflow/dags/Task1.py
[2023-04-22T12:14:22.690+0000] {processor.py:743} INFO - Processing file /opt/airflow/dags/Task1.py for tasks to queue
[2023-04-22T12:14:22.712+0000] {logging_mixin.py:137} INFO - [2023-04-22T12:14:22.711+0000] {dagbag.py:532} INFO - Filling up the DagBag from /opt/airflow/dags/Task1.py
[2023-04-22T12:14:23.092+0000] {processor.py:753} INFO - DAG(s) dict_keys(['task_on_table']) retrieved from /opt/airflow/dags/Task1.py
[2023-04-22T12:14:23.255+0000] {logging_mixin.py:137} INFO - [2023-04-22T12:14:23.255+0000] {dag.py:2693} INFO - Sync 1 DAGs
[2023-04-22T12:14:23.322+0000] {logging_mixin.py:137} INFO - [2023-04-22T12:14:23.321+0000] {dag.py:3444} INFO - Setting next_dagrun for task_on_table to 2023-04-22T00:00:00+00:00, run_after=2023-04-23T00:00:00+00:00
[2023-04-22T12:14:23.381+0000] {processor.py:175} INFO - Processing /opt/airflow/dags/Task1.py took 0.729 seconds
[2023-04-22T12:14:53.571+0000] {processor.py:153} INFO - Started process (PID=186) to work on /opt/airflow/dags/Task1.py
[2023-04-22T12:14:53.573+0000] {processor.py:743} INFO - Processing file /opt/airflow/dags/Task1.py for tasks to queue
[2023-04-22T12:14:53.574+0000] {logging_mixin.py:137} INFO - [2023-04-22T12:14:53.574+0000] {dagbag.py:532} INFO - Filling up the DagBag from /opt/airflow/dags/Task1.py
[2023-04-22T12:14:53.605+0000] {processor.py:753} INFO - DAG(s) dict_keys(['task_on_table']) retrieved from /opt/airflow/dags/Task1.py
[2023-04-22T12:14:53.626+0000] {logging_mixin.py:137} INFO - [2023-04-22T12:14:53.626+0000] {dag.py:2693} INFO - Sync 1 DAGs
[2023-04-22T12:14:53.657+0000] {logging_mixin.py:137} INFO - [2023-04-22T12:14:53.657+0000] {dag.py:3444} INFO - Setting next_dagrun for task_on_table to 2023-04-22T00:00:00+00:00, run_after=2023-04-23T00:00:00+00:00
[2023-04-22T12:14:53.672+0000] {processor.py:175} INFO - Processing /opt/airflow/dags/Task1.py took 0.105 seconds
