[2023-04-25T07:38:33.586+0000] {taskinstance.py:1090} INFO - Dependencies all met for dep_context=non-requeueable deps ti=<TaskInstance: slack_integration.slack_integration manual__2023-04-25T07:38:31.901659+00:00 [queued]>
[2023-04-25T07:38:33.592+0000] {taskinstance.py:1090} INFO - Dependencies all met for dep_context=requeueable deps ti=<TaskInstance: slack_integration.slack_integration manual__2023-04-25T07:38:31.901659+00:00 [queued]>
[2023-04-25T07:38:33.593+0000] {taskinstance.py:1288} INFO - 
--------------------------------------------------------------------------------
[2023-04-25T07:38:33.594+0000] {taskinstance.py:1289} INFO - Starting attempt 1 of 2
[2023-04-25T07:38:33.594+0000] {taskinstance.py:1290} INFO - 
--------------------------------------------------------------------------------
[2023-04-25T07:38:33.602+0000] {taskinstance.py:1309} INFO - Executing <Task(SlackWebhookOperator): slack_integration> on 2023-04-25 07:38:31.901659+00:00
[2023-04-25T07:38:33.606+0000] {standard_task_runner.py:55} INFO - Started process 1194 to run task
[2023-04-25T07:38:33.609+0000] {standard_task_runner.py:82} INFO - Running: ['***', 'tasks', 'run', 'slack_integration', 'slack_integration', 'manual__2023-04-25T07:38:31.901659+00:00', '--job-id', '102', '--raw', '--subdir', 'DAGS_FOLDER/Task4.py', '--cfg-path', '/tmp/tmpu8u9w3ut']
[2023-04-25T07:38:33.610+0000] {standard_task_runner.py:83} INFO - Job 102: Subtask slack_integration
[2023-04-25T07:38:33.662+0000] {task_command.py:389} INFO - Running <TaskInstance: slack_integration.slack_integration manual__2023-04-25T07:38:31.901659+00:00 [running]> on host d51842477fac
[2023-04-25T07:38:33.712+0000] {taskinstance.py:1518} INFO - Exporting the following env vars:
AIRFLOW_CTX_DAG_OWNER=***
AIRFLOW_CTX_DAG_ID=slack_integration
AIRFLOW_CTX_TASK_ID=slack_integration
AIRFLOW_CTX_EXECUTION_DATE=2023-04-25T07:38:31.901659+00:00
AIRFLOW_CTX_TRY_NUMBER=1
AIRFLOW_CTX_DAG_RUN_ID=manual__2023-04-25T07:38:31.901659+00:00
[2023-04-25T07:38:33.714+0000] {warnings.py:110} WARNING - /home/***/.local/lib/python3.7/site-packages/***/providers/slack/operators/slack_webhook.py:157: DeprecationWarning: Provide `webhook_token` as hook argument deprecated by security reason and will be removed in a future releases. Please specify it in `Slack Webhook` connection.
  webhook_token=self.webhook_token,

[2023-04-25T07:38:33.715+0000] {warnings.py:110} WARNING - /home/***/.local/lib/python3.7/site-packages/***/providers/slack/operators/slack_webhook.py:157: FutureWarning: You have not set parameter `slack_webhook_conn_id`. Currently `Slack Incoming Webhook` connection id optional but in a future release it will mandatory.
  webhook_token=self.webhook_token,

[2023-04-25T07:38:33.715+0000] {warnings.py:110} WARNING - /home/***/.local/lib/python3.7/site-packages/***/providers/slack/operators/slack_webhook.py:173: UserWarning: Found unexpected keyword-argument(s) 'link_names' in `send` method. This argument(s) have no effect.
  link_names=self.link_names,

[2023-04-25T07:38:33.716+0000] {warnings.py:110} WARNING - /home/***/.local/lib/python3.7/site-packages/***/providers/slack/hooks/slack_webhook.py:47: UserWarning: You cannot override the default channel (chosen by the user who installed your app), username, or icon when you're using Incoming Webhooks to post messages. Instead, these values will always inherit from the associated Slack app configuration. See: https://api.slack.com/messaging/webhooks#advanced_message_formatting. It is possible to change this values only in Legacy Slack Integration Incoming Webhook: https://api.slack.com/legacy/custom-integrations/messaging/webhooks#legacy-customizations
  resp = func(*args, **kwargs)

[2023-04-25T07:38:33.716+0000] {crypto.py:83} WARNING - empty cryptography key - values will not be stored encrypted.
[2023-04-25T07:38:34.353+0000] {taskinstance.py:1332} INFO - Marking task as SUCCESS. dag_id=slack_integration, task_id=slack_integration, execution_date=20230425T073831, start_date=20230425T073833, end_date=20230425T073834
[2023-04-25T07:38:34.406+0000] {local_task_job.py:212} INFO - Task exited with return code 0
[2023-04-25T07:38:34.429+0000] {taskinstance.py:2596} INFO - 0 downstream tasks scheduled from follow-on schedule check
