[2023-04-25T06:20:32.770+0000] {taskinstance.py:1090} INFO - Dependencies all met for dep_context=non-requeueable deps ti=<TaskInstance: email_sending.Sending_Email manual__2023-04-25T06:20:30.608920+00:00 [queued]>
[2023-04-25T06:20:32.777+0000] {taskinstance.py:1090} INFO - Dependencies all met for dep_context=requeueable deps ti=<TaskInstance: email_sending.Sending_Email manual__2023-04-25T06:20:30.608920+00:00 [queued]>
[2023-04-25T06:20:32.778+0000] {taskinstance.py:1288} INFO - 
--------------------------------------------------------------------------------
[2023-04-25T06:20:32.778+0000] {taskinstance.py:1289} INFO - Starting attempt 1 of 6
[2023-04-25T06:20:32.779+0000] {taskinstance.py:1290} INFO - 
--------------------------------------------------------------------------------
[2023-04-25T06:20:32.787+0000] {taskinstance.py:1309} INFO - Executing <Task(EmailOperator): Sending_Email> on 2023-04-25 06:20:30.608920+00:00
[2023-04-25T06:20:32.790+0000] {standard_task_runner.py:55} INFO - Started process 102 to run task
[2023-04-25T06:20:32.794+0000] {standard_task_runner.py:82} INFO - Running: ['***', 'tasks', 'run', 'email_sending', 'Sending_Email', 'manual__2023-04-25T06:20:30.608920+00:00', '--job-id', '70', '--raw', '--subdir', 'DAGS_FOLDER/Task2.py', '--cfg-path', '/tmp/tmp6ewcz6io']
[2023-04-25T06:20:32.794+0000] {standard_task_runner.py:83} INFO - Job 70: Subtask Sending_Email
[2023-04-25T06:20:32.854+0000] {task_command.py:389} INFO - Running <TaskInstance: email_sending.Sending_Email manual__2023-04-25T06:20:30.608920+00:00 [running]> on host 45e5de7aac15
[2023-04-25T06:20:32.900+0000] {taskinstance.py:1518} INFO - Exporting the following env vars:
AIRFLOW_CTX_DAG_OWNER=admin
AIRFLOW_CTX_DAG_ID=email_sending
AIRFLOW_CTX_TASK_ID=Sending_Email
AIRFLOW_CTX_EXECUTION_DATE=2023-04-25T06:20:30.608920+00:00
AIRFLOW_CTX_TRY_NUMBER=1
AIRFLOW_CTX_DAG_RUN_ID=manual__2023-04-25T06:20:30.608920+00:00
[2023-04-25T06:20:32.909+0000] {warnings.py:110} WARNING - /home/***/.local/lib/python3.7/site-packages/***/utils/email.py:152: RemovedInAirflow3Warning: Fetching SMTP credentials from configuration variables will be deprecated in a future release. Please set credentials using a connection instead.
  send_mime_email(e_from=mail_from, e_to=recipients, mime_msg=msg, conn_id=conn_id, dryrun=dryrun)

[2023-04-25T06:20:32.910+0000] {email.py:268} INFO - Email alerting: attempt 1
[2023-04-25T06:20:34.214+0000] {email.py:280} INFO - Sent an alert email to ['amitshukla@sigmoidanalytics.com']
[2023-04-25T06:20:36.090+0000] {taskinstance.py:1332} INFO - Marking task as SUCCESS. dag_id=email_sending, task_id=Sending_Email, execution_date=20230425T062030, start_date=20230425T062032, end_date=20230425T062036
[2023-04-25T06:20:36.141+0000] {local_task_job.py:212} INFO - Task exited with return code 0
[2023-04-25T06:20:36.156+0000] {taskinstance.py:2596} INFO - 0 downstream tasks scheduled from follow-on schedule check
