[2023-04-21T10:06:15.275+0000] {taskinstance.py:1084} INFO - Dependencies all met for dep_context=non-requeueable deps ti=<TaskInstance: user_processing_2.select_values manual__2023-04-21T10:06:12.211703+00:00 [queued]>
[2023-04-21T10:06:15.282+0000] {taskinstance.py:1084} INFO - Dependencies all met for dep_context=requeueable deps ti=<TaskInstance: user_processing_2.select_values manual__2023-04-21T10:06:12.211703+00:00 [queued]>
[2023-04-21T10:06:15.283+0000] {taskinstance.py:1282} INFO - 
--------------------------------------------------------------------------------
[2023-04-21T10:06:15.283+0000] {taskinstance.py:1283} INFO - Starting attempt 1 of 1
[2023-04-21T10:06:15.283+0000] {taskinstance.py:1284} INFO - 
--------------------------------------------------------------------------------
[2023-04-21T10:06:15.291+0000] {taskinstance.py:1303} INFO - Executing <Task(PostgresOperator): select_values> on 2023-04-21 10:06:12.211703+00:00
[2023-04-21T10:06:15.295+0000] {standard_task_runner.py:55} INFO - Started process 556 to run task
[2023-04-21T10:06:15.298+0000] {standard_task_runner.py:82} INFO - Running: ['***', 'tasks', 'run', 'user_processing_2', 'select_values', 'manual__2023-04-21T10:06:12.211703+00:00', '--job-id', '8', '--raw', '--subdir', 'DAGS_FOLDER/Task1.py', '--cfg-path', '/tmp/tmp60lchc22']
[2023-04-21T10:06:15.300+0000] {standard_task_runner.py:83} INFO - Job 8: Subtask select_values
[2023-04-21T10:06:15.351+0000] {task_command.py:388} INFO - Running <TaskInstance: user_processing_2.select_values manual__2023-04-21T10:06:12.211703+00:00 [running]> on host cb97ea8540cf
[2023-04-21T10:06:15.399+0000] {taskinstance.py:1511} INFO - Exporting the following env vars:
AIRFLOW_CTX_DAG_OWNER=***
AIRFLOW_CTX_DAG_ID=user_processing_2
AIRFLOW_CTX_TASK_ID=select_values
AIRFLOW_CTX_EXECUTION_DATE=2023-04-21T10:06:12.211703+00:00
AIRFLOW_CTX_TRY_NUMBER=1
AIRFLOW_CTX_DAG_RUN_ID=manual__2023-04-21T10:06:12.211703+00:00
[2023-04-21T10:06:15.400+0000] {sql.py:254} INFO - Executing: 
            SELECT * FROM users;
        
[2023-04-21T10:06:15.409+0000] {base.py:73} INFO - Using connection ID 'postgres' for task execution.
[2023-04-21T10:06:15.511+0000] {base.py:73} INFO - Using connection ID 'postgres' for task execution.
[2023-04-21T10:06:15.516+0000] {sql.py:375} INFO - Running statement: 
            SELECT * FROM users;
        , parameters: None
[2023-04-21T10:06:15.517+0000] {sql.py:384} INFO - Rows affected: 6
[2023-04-21T10:06:15.536+0000] {taskinstance.py:1326} INFO - Marking task as SUCCESS. dag_id=user_processing_2, task_id=select_values, execution_date=20230421T100612, start_date=20230421T100615, end_date=20230421T100615
[2023-04-21T10:06:15.592+0000] {local_task_job.py:212} INFO - Task exited with return code 0
[2023-04-21T10:06:15.607+0000] {taskinstance.py:2585} INFO - 0 downstream tasks scheduled from follow-on schedule check
