[2023-04-25T08:57:31.642+0000] {taskinstance.py:1090} INFO - Dependencies all met for dep_context=non-requeueable deps ti=<TaskInstance: task_on_table.select_values manual__2023-04-25T08:57:28.946161+00:00 [queued]>
[2023-04-25T08:57:31.649+0000] {taskinstance.py:1090} INFO - Dependencies all met for dep_context=requeueable deps ti=<TaskInstance: task_on_table.select_values manual__2023-04-25T08:57:28.946161+00:00 [queued]>
[2023-04-25T08:57:31.649+0000] {taskinstance.py:1288} INFO - 
--------------------------------------------------------------------------------
[2023-04-25T08:57:31.650+0000] {taskinstance.py:1289} INFO - Starting attempt 1 of 1
[2023-04-25T08:57:31.650+0000] {taskinstance.py:1290} INFO - 
--------------------------------------------------------------------------------
[2023-04-25T08:57:31.658+0000] {taskinstance.py:1309} INFO - Executing <Task(PostgresOperator): select_values> on 2023-04-25 08:57:28.946161+00:00
[2023-04-25T08:57:31.662+0000] {standard_task_runner.py:55} INFO - Started process 2517 to run task
[2023-04-25T08:57:31.665+0000] {standard_task_runner.py:82} INFO - Running: ['***', 'tasks', 'run', 'task_on_table', 'select_values', 'manual__2023-04-25T08:57:28.946161+00:00', '--job-id', '125', '--raw', '--subdir', 'DAGS_FOLDER/Task1.py', '--cfg-path', '/tmp/tmpdv6t8bxs']
[2023-04-25T08:57:31.666+0000] {standard_task_runner.py:83} INFO - Job 125: Subtask select_values
[2023-04-25T08:57:31.716+0000] {task_command.py:389} INFO - Running <TaskInstance: task_on_table.select_values manual__2023-04-25T08:57:28.946161+00:00 [running]> on host d51842477fac
[2023-04-25T08:57:31.763+0000] {taskinstance.py:1518} INFO - Exporting the following env vars:
AIRFLOW_CTX_DAG_OWNER=***
AIRFLOW_CTX_DAG_ID=task_on_table
AIRFLOW_CTX_TASK_ID=select_values
AIRFLOW_CTX_EXECUTION_DATE=2023-04-25T08:57:28.946161+00:00
AIRFLOW_CTX_TRY_NUMBER=1
AIRFLOW_CTX_DAG_RUN_ID=manual__2023-04-25T08:57:28.946161+00:00
[2023-04-25T08:57:31.763+0000] {sql.py:254} INFO - Executing: 
            SELECT * FROM users;
        
[2023-04-25T08:57:31.771+0000] {base.py:73} INFO - Using connection ID 'postgres' for task execution.
[2023-04-25T08:57:31.874+0000] {base.py:73} INFO - Using connection ID 'postgres' for task execution.
[2023-04-25T08:57:31.879+0000] {sql.py:375} INFO - Running statement: 
            SELECT * FROM users;
        , parameters: None
[2023-04-25T08:57:31.880+0000] {sql.py:384} INFO - Rows affected: 6
[2023-04-25T08:57:31.898+0000] {taskinstance.py:1332} INFO - Marking task as SUCCESS. dag_id=task_on_table, task_id=select_values, execution_date=20230425T085728, start_date=20230425T085731, end_date=20230425T085731
[2023-04-25T08:57:31.919+0000] {local_task_job.py:212} INFO - Task exited with return code 0
[2023-04-25T08:57:31.932+0000] {taskinstance.py:2596} INFO - 0 downstream tasks scheduled from follow-on schedule check
