[2023-04-21T10:18:03.980+0000] {taskinstance.py:1084} INFO - Dependencies all met for dep_context=non-requeueable deps ti=<TaskInstance: task_on_table.create_table manual__2023-04-21T10:18:03.552354+00:00 [queued]>
[2023-04-21T10:18:03.988+0000] {taskinstance.py:1084} INFO - Dependencies all met for dep_context=requeueable deps ti=<TaskInstance: task_on_table.create_table manual__2023-04-21T10:18:03.552354+00:00 [queued]>
[2023-04-21T10:18:03.989+0000] {taskinstance.py:1282} INFO - 
--------------------------------------------------------------------------------
[2023-04-21T10:18:03.989+0000] {taskinstance.py:1283} INFO - Starting attempt 1 of 1
[2023-04-21T10:18:03.989+0000] {taskinstance.py:1284} INFO - 
--------------------------------------------------------------------------------
[2023-04-21T10:18:03.997+0000] {taskinstance.py:1303} INFO - Executing <Task(PostgresOperator): create_table> on 2023-04-21 10:18:03.552354+00:00
[2023-04-21T10:18:04.001+0000] {standard_task_runner.py:55} INFO - Started process 866 to run task
[2023-04-21T10:18:04.005+0000] {standard_task_runner.py:82} INFO - Running: ['***', 'tasks', 'run', 'task_on_table', 'create_table', 'manual__2023-04-21T10:18:03.552354+00:00', '--job-id', '15', '--raw', '--subdir', 'DAGS_FOLDER/Task1.py', '--cfg-path', '/tmp/tmpyy_1w4dy']
[2023-04-21T10:18:04.007+0000] {standard_task_runner.py:83} INFO - Job 15: Subtask create_table
[2023-04-21T10:18:04.063+0000] {task_command.py:388} INFO - Running <TaskInstance: task_on_table.create_table manual__2023-04-21T10:18:03.552354+00:00 [running]> on host cb97ea8540cf
[2023-04-21T10:18:04.119+0000] {taskinstance.py:1511} INFO - Exporting the following env vars:
AIRFLOW_CTX_DAG_OWNER=***
AIRFLOW_CTX_DAG_ID=task_on_table
AIRFLOW_CTX_TASK_ID=create_table
AIRFLOW_CTX_EXECUTION_DATE=2023-04-21T10:18:03.552354+00:00
AIRFLOW_CTX_TRY_NUMBER=1
AIRFLOW_CTX_DAG_RUN_ID=manual__2023-04-21T10:18:03.552354+00:00
[2023-04-21T10:18:04.120+0000] {sql.py:254} INFO - Executing: 
            CREATE TABLE IF NOT EXISTS users (
                firstname TEXT NOT NULL,
                lastname TEXT NOT NULL,
                country TEXT NOT NULL,
                email TEXT NOT NULL
            );
        
[2023-04-21T10:18:04.129+0000] {base.py:73} INFO - Using connection ID 'postgres' for task execution.
[2023-04-21T10:18:04.235+0000] {base.py:73} INFO - Using connection ID 'postgres' for task execution.
[2023-04-21T10:18:04.241+0000] {sql.py:375} INFO - Running statement: 
            CREATE TABLE IF NOT EXISTS users (
                firstname TEXT NOT NULL,
                lastname TEXT NOT NULL,
                country TEXT NOT NULL,
                email TEXT NOT NULL
            );
        , parameters: None
[2023-04-21T10:18:04.253+0000] {taskinstance.py:1326} INFO - Marking task as SUCCESS. dag_id=task_on_table, task_id=create_table, execution_date=20230421T101803, start_date=20230421T101803, end_date=20230421T101804
[2023-04-21T10:18:04.304+0000] {local_task_job.py:212} INFO - Task exited with return code 0
[2023-04-21T10:18:04.343+0000] {taskinstance.py:2585} INFO - 1 downstream tasks scheduled from follow-on schedule check
