[2023-04-25T06:12:13.051+0000] {taskinstance.py:1084} INFO - Dependencies all met for dep_context=non-requeueable deps ti=<TaskInstance: task_on_table.select_values scheduled__2023-04-24T00:00:00+00:00 [queued]>
[2023-04-25T06:12:13.057+0000] {taskinstance.py:1084} INFO - Dependencies all met for dep_context=requeueable deps ti=<TaskInstance: task_on_table.select_values scheduled__2023-04-24T00:00:00+00:00 [queued]>
[2023-04-25T06:12:13.058+0000] {taskinstance.py:1282} INFO - 
--------------------------------------------------------------------------------
[2023-04-25T06:12:13.058+0000] {taskinstance.py:1283} INFO - Starting attempt 1 of 1
[2023-04-25T06:12:13.059+0000] {taskinstance.py:1284} INFO - 
--------------------------------------------------------------------------------
[2023-04-25T06:12:13.067+0000] {taskinstance.py:1303} INFO - Executing <Task(PostgresOperator): select_values> on 2023-04-24 00:00:00+00:00
[2023-04-25T06:12:13.072+0000] {standard_task_runner.py:55} INFO - Started process 191 to run task
[2023-04-25T06:12:13.075+0000] {standard_task_runner.py:82} INFO - Running: ['***', 'tasks', 'run', 'task_on_table', 'select_values', 'scheduled__2023-04-24T00:00:00+00:00', '--job-id', '65', '--raw', '--subdir', 'DAGS_FOLDER/Task1.py', '--cfg-path', '/tmp/tmpeqcnk9y6']
[2023-04-25T06:12:13.077+0000] {standard_task_runner.py:83} INFO - Job 65: Subtask select_values
[2023-04-25T06:12:13.140+0000] {task_command.py:388} INFO - Running <TaskInstance: task_on_table.select_values scheduled__2023-04-24T00:00:00+00:00 [running]> on host 1d6f684d238a
[2023-04-25T06:12:13.198+0000] {taskinstance.py:1511} INFO - Exporting the following env vars:
AIRFLOW_CTX_DAG_OWNER=***
AIRFLOW_CTX_DAG_ID=task_on_table
AIRFLOW_CTX_TASK_ID=select_values
AIRFLOW_CTX_EXECUTION_DATE=2023-04-24T00:00:00+00:00
AIRFLOW_CTX_TRY_NUMBER=1
AIRFLOW_CTX_DAG_RUN_ID=scheduled__2023-04-24T00:00:00+00:00
[2023-04-25T06:12:13.199+0000] {sql.py:254} INFO - Executing: 
            SELECT * FROM users;
        
[2023-04-25T06:12:13.207+0000] {base.py:73} INFO - Using connection ID 'postgres' for task execution.
[2023-04-25T06:12:13.317+0000] {base.py:73} INFO - Using connection ID 'postgres' for task execution.
[2023-04-25T06:12:13.322+0000] {sql.py:375} INFO - Running statement: 
            SELECT * FROM users;
        , parameters: None
[2023-04-25T06:12:13.324+0000] {sql.py:384} INFO - Rows affected: 12
[2023-04-25T06:12:13.346+0000] {taskinstance.py:1326} INFO - Marking task as SUCCESS. dag_id=task_on_table, task_id=select_values, execution_date=20230424T000000, start_date=20230425T061213, end_date=20230425T061213
[2023-04-25T06:12:13.370+0000] {local_task_job.py:212} INFO - Task exited with return code 0
[2023-04-25T06:12:13.385+0000] {taskinstance.py:2585} INFO - 0 downstream tasks scheduled from follow-on schedule check
[2023-04-25T08:57:26.405+0000] {taskinstance.py:1090} INFO - Dependencies all met for dep_context=non-requeueable deps ti=<TaskInstance: task_on_table.select_values scheduled__2023-04-24T00:00:00+00:00 [queued]>
[2023-04-25T08:57:26.411+0000] {taskinstance.py:1090} INFO - Dependencies all met for dep_context=requeueable deps ti=<TaskInstance: task_on_table.select_values scheduled__2023-04-24T00:00:00+00:00 [queued]>
[2023-04-25T08:57:26.411+0000] {taskinstance.py:1288} INFO - 
--------------------------------------------------------------------------------
[2023-04-25T08:57:26.412+0000] {taskinstance.py:1289} INFO - Starting attempt 1 of 1
[2023-04-25T08:57:26.412+0000] {taskinstance.py:1290} INFO - 
--------------------------------------------------------------------------------
[2023-04-25T08:57:26.420+0000] {taskinstance.py:1309} INFO - Executing <Task(PostgresOperator): select_values> on 2023-04-24 00:00:00+00:00
[2023-04-25T08:57:26.424+0000] {standard_task_runner.py:55} INFO - Started process 2511 to run task
[2023-04-25T08:57:26.427+0000] {standard_task_runner.py:82} INFO - Running: ['***', 'tasks', 'run', 'task_on_table', 'select_values', 'scheduled__2023-04-24T00:00:00+00:00', '--job-id', '122', '--raw', '--subdir', 'DAGS_FOLDER/Task1.py', '--cfg-path', '/tmp/tmp3fx90rpd']
[2023-04-25T08:57:26.428+0000] {standard_task_runner.py:83} INFO - Job 122: Subtask select_values
[2023-04-25T08:57:26.478+0000] {task_command.py:389} INFO - Running <TaskInstance: task_on_table.select_values scheduled__2023-04-24T00:00:00+00:00 [running]> on host d51842477fac
[2023-04-25T08:57:26.525+0000] {taskinstance.py:1518} INFO - Exporting the following env vars:
AIRFLOW_CTX_DAG_OWNER=***
AIRFLOW_CTX_DAG_ID=task_on_table
AIRFLOW_CTX_TASK_ID=select_values
AIRFLOW_CTX_EXECUTION_DATE=2023-04-24T00:00:00+00:00
AIRFLOW_CTX_TRY_NUMBER=1
AIRFLOW_CTX_DAG_RUN_ID=scheduled__2023-04-24T00:00:00+00:00
[2023-04-25T08:57:26.526+0000] {sql.py:254} INFO - Executing: 
            SELECT * FROM users;
        
[2023-04-25T08:57:26.535+0000] {base.py:73} INFO - Using connection ID 'postgres' for task execution.
[2023-04-25T08:57:26.641+0000] {base.py:73} INFO - Using connection ID 'postgres' for task execution.
[2023-04-25T08:57:26.645+0000] {sql.py:375} INFO - Running statement: 
            SELECT * FROM users;
        , parameters: None
[2023-04-25T08:57:26.647+0000] {sql.py:384} INFO - Rows affected: 3
[2023-04-25T08:57:26.665+0000] {taskinstance.py:1332} INFO - Marking task as SUCCESS. dag_id=task_on_table, task_id=select_values, execution_date=20230424T000000, start_date=20230425T085726, end_date=20230425T085726
[2023-04-25T08:57:26.720+0000] {local_task_job.py:212} INFO - Task exited with return code 0
[2023-04-25T08:57:26.734+0000] {taskinstance.py:2596} INFO - 0 downstream tasks scheduled from follow-on schedule check
