[2023-04-25T07:30:00.836+0000] {taskinstance.py:1090} INFO - Dependencies all met for dep_context=non-requeueable deps ti=<TaskInstance: slack_integration.print_date manual__2023-04-25T07:29:59.777445+00:00 [queued]>
[2023-04-25T07:30:00.842+0000] {taskinstance.py:1090} INFO - Dependencies all met for dep_context=requeueable deps ti=<TaskInstance: slack_integration.print_date manual__2023-04-25T07:29:59.777445+00:00 [queued]>
[2023-04-25T07:30:00.842+0000] {taskinstance.py:1288} INFO - 
--------------------------------------------------------------------------------
[2023-04-25T07:30:00.843+0000] {taskinstance.py:1289} INFO - Starting attempt 1 of 2
[2023-04-25T07:30:00.843+0000] {taskinstance.py:1290} INFO - 
--------------------------------------------------------------------------------
[2023-04-25T07:30:00.851+0000] {taskinstance.py:1309} INFO - Executing <Task(BashOperator): print_date> on 2023-04-25 07:29:59.777445+00:00
[2023-04-25T07:30:00.855+0000] {standard_task_runner.py:55} INFO - Started process 976 to run task
[2023-04-25T07:30:00.857+0000] {standard_task_runner.py:82} INFO - Running: ['***', 'tasks', 'run', 'slack_integration', 'print_date', 'manual__2023-04-25T07:29:59.777445+00:00', '--job-id', '93', '--raw', '--subdir', 'DAGS_FOLDER/Task4.py', '--cfg-path', '/tmp/tmpbegvy6xn']
[2023-04-25T07:30:00.858+0000] {standard_task_runner.py:83} INFO - Job 93: Subtask print_date
[2023-04-25T07:30:00.906+0000] {task_command.py:389} INFO - Running <TaskInstance: slack_integration.print_date manual__2023-04-25T07:29:59.777445+00:00 [running]> on host d51842477fac
[2023-04-25T07:30:00.958+0000] {taskinstance.py:1518} INFO - Exporting the following env vars:
AIRFLOW_CTX_DAG_OWNER=***
AIRFLOW_CTX_DAG_ID=slack_integration
AIRFLOW_CTX_TASK_ID=print_date
AIRFLOW_CTX_EXECUTION_DATE=2023-04-25T07:29:59.777445+00:00
AIRFLOW_CTX_TRY_NUMBER=1
AIRFLOW_CTX_DAG_RUN_ID=manual__2023-04-25T07:29:59.777445+00:00
[2023-04-25T07:30:00.960+0000] {subprocess.py:63} INFO - Tmp dir root location: 
 /tmp
[2023-04-25T07:30:00.960+0000] {subprocess.py:75} INFO - Running command: ['/bin/bash', '-c', 'date']
[2023-04-25T07:30:00.968+0000] {subprocess.py:86} INFO - Output:
[2023-04-25T07:30:00.971+0000] {subprocess.py:93} INFO - Tue Apr 25 07:30:00 UTC 2023
[2023-04-25T07:30:00.972+0000] {subprocess.py:97} INFO - Command exited with return code 0
[2023-04-25T07:30:00.993+0000] {taskinstance.py:1332} INFO - Marking task as SUCCESS. dag_id=slack_integration, task_id=print_date, execution_date=20230425T072959, start_date=20230425T073000, end_date=20230425T073000
[2023-04-25T07:30:01.030+0000] {local_task_job.py:212} INFO - Task exited with return code 0
[2023-04-25T07:30:01.047+0000] {taskinstance.py:2596} INFO - 1 downstream tasks scheduled from follow-on schedule check
