[2023-04-22T00:46:15.549+0000] {taskinstance.py:1084} INFO - Dependencies all met for dep_context=non-requeueable deps ti=<TaskInstance: task_on_table.select_values scheduled__2023-04-21T00:00:00+00:00 [queued]>
[2023-04-22T00:46:15.555+0000] {taskinstance.py:1084} INFO - Dependencies all met for dep_context=requeueable deps ti=<TaskInstance: task_on_table.select_values scheduled__2023-04-21T00:00:00+00:00 [queued]>
[2023-04-22T00:46:15.556+0000] {taskinstance.py:1282} INFO - 
--------------------------------------------------------------------------------
[2023-04-22T00:46:15.556+0000] {taskinstance.py:1283} INFO - Starting attempt 1 of 1
[2023-04-22T00:46:15.557+0000] {taskinstance.py:1284} INFO - 
--------------------------------------------------------------------------------
[2023-04-22T00:46:15.565+0000] {taskinstance.py:1303} INFO - Executing <Task(PostgresOperator): select_values> on 2023-04-21 00:00:00+00:00
[2023-04-22T00:46:15.569+0000] {standard_task_runner.py:55} INFO - Started process 855 to run task
[2023-04-22T00:46:15.572+0000] {standard_task_runner.py:82} INFO - Running: ['***', 'tasks', 'run', 'task_on_table', 'select_values', 'scheduled__2023-04-21T00:00:00+00:00', '--job-id', '25', '--raw', '--subdir', 'DAGS_FOLDER/Task1.py', '--cfg-path', '/tmp/tmpi_npsnyb']
[2023-04-22T00:46:15.574+0000] {standard_task_runner.py:83} INFO - Job 25: Subtask select_values
[2023-04-22T00:46:15.625+0000] {task_command.py:388} INFO - Running <TaskInstance: task_on_table.select_values scheduled__2023-04-21T00:00:00+00:00 [running]> on host 1d6f684d238a
[2023-04-22T00:46:15.673+0000] {taskinstance.py:1511} INFO - Exporting the following env vars:
AIRFLOW_CTX_DAG_OWNER=***
AIRFLOW_CTX_DAG_ID=task_on_table
AIRFLOW_CTX_TASK_ID=select_values
AIRFLOW_CTX_EXECUTION_DATE=2023-04-21T00:00:00+00:00
AIRFLOW_CTX_TRY_NUMBER=1
AIRFLOW_CTX_DAG_RUN_ID=scheduled__2023-04-21T00:00:00+00:00
[2023-04-22T00:46:15.674+0000] {sql.py:254} INFO - Executing: 
            SELECT * FROM users;
        
[2023-04-22T00:46:15.682+0000] {base.py:73} INFO - Using connection ID 'postgres' for task execution.
[2023-04-22T00:46:15.785+0000] {base.py:73} INFO - Using connection ID 'postgres' for task execution.
[2023-04-22T00:46:15.790+0000] {sql.py:375} INFO - Running statement: 
            SELECT * FROM users;
        , parameters: None
[2023-04-22T00:46:15.791+0000] {sql.py:384} INFO - Rows affected: 6
[2023-04-22T00:46:15.809+0000] {taskinstance.py:1326} INFO - Marking task as SUCCESS. dag_id=task_on_table, task_id=select_values, execution_date=20230421T000000, start_date=20230422T004615, end_date=20230422T004615
[2023-04-22T00:46:15.827+0000] {local_task_job.py:212} INFO - Task exited with return code 0
[2023-04-22T00:46:15.840+0000] {taskinstance.py:2585} INFO - 0 downstream tasks scheduled from follow-on schedule check
