[2023-04-21T10:08:29.904+0000] {taskinstance.py:1084} INFO - Dependencies all met for dep_context=non-requeueable deps ti=<TaskInstance: task_on_table.select_values manual__2023-04-21T10:08:27.029427+00:00 [queued]>
[2023-04-21T10:08:29.912+0000] {taskinstance.py:1084} INFO - Dependencies all met for dep_context=requeueable deps ti=<TaskInstance: task_on_table.select_values manual__2023-04-21T10:08:27.029427+00:00 [queued]>
[2023-04-21T10:08:29.913+0000] {taskinstance.py:1282} INFO - 
--------------------------------------------------------------------------------
[2023-04-21T10:08:29.913+0000] {taskinstance.py:1283} INFO - Starting attempt 1 of 1
[2023-04-21T10:08:29.914+0000] {taskinstance.py:1284} INFO - 
--------------------------------------------------------------------------------
[2023-04-21T10:08:29.922+0000] {taskinstance.py:1303} INFO - Executing <Task(PostgresOperator): select_values> on 2023-04-21 10:08:27.029427+00:00
[2023-04-21T10:08:29.926+0000] {standard_task_runner.py:55} INFO - Started process 632 to run task
[2023-04-21T10:08:29.929+0000] {standard_task_runner.py:82} INFO - Running: ['***', 'tasks', 'run', 'task_on_table', 'select_values', 'manual__2023-04-21T10:08:27.029427+00:00', '--job-id', '14', '--raw', '--subdir', 'DAGS_FOLDER/Task1.py', '--cfg-path', '/tmp/tmp2cp0t4zs']
[2023-04-21T10:08:29.931+0000] {standard_task_runner.py:83} INFO - Job 14: Subtask select_values
[2023-04-21T10:08:29.983+0000] {task_command.py:388} INFO - Running <TaskInstance: task_on_table.select_values manual__2023-04-21T10:08:27.029427+00:00 [running]> on host cb97ea8540cf
[2023-04-21T10:08:30.034+0000] {taskinstance.py:1511} INFO - Exporting the following env vars:
AIRFLOW_CTX_DAG_OWNER=***
AIRFLOW_CTX_DAG_ID=task_on_table
AIRFLOW_CTX_TASK_ID=select_values
AIRFLOW_CTX_EXECUTION_DATE=2023-04-21T10:08:27.029427+00:00
AIRFLOW_CTX_TRY_NUMBER=1
AIRFLOW_CTX_DAG_RUN_ID=manual__2023-04-21T10:08:27.029427+00:00
[2023-04-21T10:08:30.035+0000] {sql.py:254} INFO - Executing: 
            SELECT * FROM users;
        
[2023-04-21T10:08:30.044+0000] {base.py:73} INFO - Using connection ID 'postgres' for task execution.
[2023-04-21T10:08:30.150+0000] {base.py:73} INFO - Using connection ID 'postgres' for task execution.
[2023-04-21T10:08:30.155+0000] {sql.py:375} INFO - Running statement: 
            SELECT * FROM users;
        , parameters: None
[2023-04-21T10:08:30.157+0000] {sql.py:384} INFO - Rows affected: 12
[2023-04-21T10:08:30.174+0000] {taskinstance.py:1326} INFO - Marking task as SUCCESS. dag_id=task_on_table, task_id=select_values, execution_date=20230421T100827, start_date=20230421T100829, end_date=20230421T100830
[2023-04-21T10:08:30.228+0000] {local_task_job.py:212} INFO - Task exited with return code 0
[2023-04-21T10:08:30.243+0000] {taskinstance.py:2585} INFO - 0 downstream tasks scheduled from follow-on schedule check
