[2023-04-25T09:05:36.059+0000] {taskinstance.py:1090} INFO - Dependencies all met for dep_context=non-requeueable deps ti=<TaskInstance: task_on_slack_integration.dummy_task manual__2023-04-25T09:05:35.298474+00:00 [queued]>
[2023-04-25T09:05:36.069+0000] {taskinstance.py:1090} INFO - Dependencies all met for dep_context=requeueable deps ti=<TaskInstance: task_on_slack_integration.dummy_task manual__2023-04-25T09:05:35.298474+00:00 [queued]>
[2023-04-25T09:05:36.070+0000] {taskinstance.py:1288} INFO - 
--------------------------------------------------------------------------------
[2023-04-25T09:05:36.070+0000] {taskinstance.py:1289} INFO - Starting attempt 1 of 1
[2023-04-25T09:05:36.071+0000] {taskinstance.py:1290} INFO - 
--------------------------------------------------------------------------------
[2023-04-25T09:05:36.079+0000] {taskinstance.py:1309} INFO - Executing <Task(PythonOperator): dummy_task> on 2023-04-25 09:05:35.298474+00:00
[2023-04-25T09:05:36.083+0000] {standard_task_runner.py:55} INFO - Started process 2707 to run task
[2023-04-25T09:05:36.086+0000] {standard_task_runner.py:82} INFO - Running: ['***', 'tasks', 'run', 'task_on_slack_integration', 'dummy_task', 'manual__2023-04-25T09:05:35.298474+00:00', '--job-id', '130', '--raw', '--subdir', 'DAGS_FOLDER/Task3.py', '--cfg-path', '/tmp/tmp3zg50d1w']
[2023-04-25T09:05:36.086+0000] {standard_task_runner.py:83} INFO - Job 130: Subtask dummy_task
[2023-04-25T09:05:36.132+0000] {task_command.py:389} INFO - Running <TaskInstance: task_on_slack_integration.dummy_task manual__2023-04-25T09:05:35.298474+00:00 [running]> on host d51842477fac
[2023-04-25T09:05:36.178+0000] {taskinstance.py:1518} INFO - Exporting the following env vars:
AIRFLOW_CTX_DAG_OWNER=***
AIRFLOW_CTX_DAG_ID=task_on_slack_integration
AIRFLOW_CTX_TASK_ID=dummy_task
AIRFLOW_CTX_EXECUTION_DATE=2023-04-25T09:05:35.298474+00:00
AIRFLOW_CTX_TRY_NUMBER=1
AIRFLOW_CTX_DAG_RUN_ID=manual__2023-04-25T09:05:35.298474+00:00
[2023-04-25T09:05:36.179+0000] {python.py:177} INFO - Done. Returned value was: None
[2023-04-25T09:05:36.188+0000] {taskinstance.py:1332} INFO - Marking task as SUCCESS. dag_id=task_on_slack_integration, task_id=dummy_task, execution_date=20230425T090535, start_date=20230425T090536, end_date=20230425T090536
[2023-04-25T09:05:36.219+0000] {local_task_job.py:212} INFO - Task exited with return code 0
[2023-04-25T09:05:36.238+0000] {taskinstance.py:2596} INFO - 1 downstream tasks scheduled from follow-on schedule check
