[2023-04-25T09:06:39.481+0000] {taskinstance.py:1090} INFO - Dependencies all met for dep_context=non-requeueable deps ti=<TaskInstance: task_on_slack_integration.dummy_task manual__2023-04-25T09:06:38.713673+00:00 [queued]>
[2023-04-25T09:06:39.487+0000] {taskinstance.py:1090} INFO - Dependencies all met for dep_context=requeueable deps ti=<TaskInstance: task_on_slack_integration.dummy_task manual__2023-04-25T09:06:38.713673+00:00 [queued]>
[2023-04-25T09:06:39.488+0000] {taskinstance.py:1288} INFO - 
--------------------------------------------------------------------------------
[2023-04-25T09:06:39.488+0000] {taskinstance.py:1289} INFO - Starting attempt 1 of 1
[2023-04-25T09:06:39.489+0000] {taskinstance.py:1290} INFO - 
--------------------------------------------------------------------------------
[2023-04-25T09:06:39.497+0000] {taskinstance.py:1309} INFO - Executing <Task(PythonOperator): dummy_task> on 2023-04-25 09:06:38.713673+00:00
[2023-04-25T09:06:39.501+0000] {standard_task_runner.py:55} INFO - Started process 2739 to run task
[2023-04-25T09:06:39.504+0000] {standard_task_runner.py:82} INFO - Running: ['***', 'tasks', 'run', 'task_on_slack_integration', 'dummy_task', 'manual__2023-04-25T09:06:38.713673+00:00', '--job-id', '134', '--raw', '--subdir', 'DAGS_FOLDER/Task3.py', '--cfg-path', '/tmp/tmp97527qtq']
[2023-04-25T09:06:39.505+0000] {standard_task_runner.py:83} INFO - Job 134: Subtask dummy_task
[2023-04-25T09:06:39.553+0000] {task_command.py:389} INFO - Running <TaskInstance: task_on_slack_integration.dummy_task manual__2023-04-25T09:06:38.713673+00:00 [running]> on host d51842477fac
[2023-04-25T09:06:39.599+0000] {taskinstance.py:1518} INFO - Exporting the following env vars:
AIRFLOW_CTX_DAG_OWNER=***
AIRFLOW_CTX_DAG_ID=task_on_slack_integration
AIRFLOW_CTX_TASK_ID=dummy_task
AIRFLOW_CTX_EXECUTION_DATE=2023-04-25T09:06:38.713673+00:00
AIRFLOW_CTX_TRY_NUMBER=1
AIRFLOW_CTX_DAG_RUN_ID=manual__2023-04-25T09:06:38.713673+00:00
[2023-04-25T09:06:39.600+0000] {python.py:177} INFO - Done. Returned value was: None
[2023-04-25T09:06:39.609+0000] {taskinstance.py:1332} INFO - Marking task as SUCCESS. dag_id=task_on_slack_integration, task_id=dummy_task, execution_date=20230425T090638, start_date=20230425T090639, end_date=20230425T090639
[2023-04-25T09:06:39.639+0000] {local_task_job.py:212} INFO - Task exited with return code 0
[2023-04-25T09:06:39.659+0000] {taskinstance.py:2596} INFO - 1 downstream tasks scheduled from follow-on schedule check
