[2023-04-25T06:12:11.984+0000] {taskinstance.py:1084} INFO - Dependencies all met for dep_context=non-requeueable deps ti=<TaskInstance: task_on_table.insert_values scheduled__2023-04-24T00:00:00+00:00 [queued]>
[2023-04-25T06:12:11.992+0000] {taskinstance.py:1084} INFO - Dependencies all met for dep_context=requeueable deps ti=<TaskInstance: task_on_table.insert_values scheduled__2023-04-24T00:00:00+00:00 [queued]>
[2023-04-25T06:12:11.993+0000] {taskinstance.py:1282} INFO - 
--------------------------------------------------------------------------------
[2023-04-25T06:12:11.995+0000] {taskinstance.py:1283} INFO - Starting attempt 1 of 1
[2023-04-25T06:12:11.995+0000] {taskinstance.py:1284} INFO - 
--------------------------------------------------------------------------------
[2023-04-25T06:12:12.011+0000] {taskinstance.py:1303} INFO - Executing <Task(PostgresOperator): insert_values> on 2023-04-24 00:00:00+00:00
[2023-04-25T06:12:12.014+0000] {standard_task_runner.py:55} INFO - Started process 188 to run task
[2023-04-25T06:12:12.018+0000] {standard_task_runner.py:82} INFO - Running: ['***', 'tasks', 'run', 'task_on_table', 'insert_values', 'scheduled__2023-04-24T00:00:00+00:00', '--job-id', '64', '--raw', '--subdir', 'DAGS_FOLDER/Task1.py', '--cfg-path', '/tmp/tmpq3_yax5t']
[2023-04-25T06:12:12.020+0000] {standard_task_runner.py:83} INFO - Job 64: Subtask insert_values
[2023-04-25T06:12:12.091+0000] {task_command.py:388} INFO - Running <TaskInstance: task_on_table.insert_values scheduled__2023-04-24T00:00:00+00:00 [running]> on host 1d6f684d238a
[2023-04-25T06:12:12.146+0000] {taskinstance.py:1511} INFO - Exporting the following env vars:
AIRFLOW_CTX_DAG_OWNER=***
AIRFLOW_CTX_DAG_ID=task_on_table
AIRFLOW_CTX_TASK_ID=insert_values
AIRFLOW_CTX_EXECUTION_DATE=2023-04-24T00:00:00+00:00
AIRFLOW_CTX_TRY_NUMBER=1
AIRFLOW_CTX_DAG_RUN_ID=scheduled__2023-04-24T00:00:00+00:00
[2023-04-25T06:12:12.147+0000] {sql.py:254} INFO - Executing: 
                INSERT INTO users VALUES
                ('amit','shukla','india','cseamit@gmail.com'),
                ('sam','curran','australia','sam@gmail.com'),
                ('Sumit','Sharma','India','sumit@gmail.com') ;    
        
[2023-04-25T06:12:12.155+0000] {base.py:73} INFO - Using connection ID 'postgres' for task execution.
[2023-04-25T06:12:12.269+0000] {base.py:73} INFO - Using connection ID 'postgres' for task execution.
[2023-04-25T06:12:12.274+0000] {sql.py:375} INFO - Running statement: 
                INSERT INTO users VALUES
                ('amit','shukla','india','cseamit@gmail.com'),
                ('sam','curran','australia','sam@gmail.com'),
                ('Sumit','Sharma','India','sumit@gmail.com') ;    
        , parameters: None
[2023-04-25T06:12:12.275+0000] {sql.py:384} INFO - Rows affected: 3
[2023-04-25T06:12:12.294+0000] {taskinstance.py:1326} INFO - Marking task as SUCCESS. dag_id=task_on_table, task_id=insert_values, execution_date=20230424T000000, start_date=20230425T061211, end_date=20230425T061212
[2023-04-25T06:12:12.352+0000] {local_task_job.py:212} INFO - Task exited with return code 0
[2023-04-25T06:12:12.374+0000] {taskinstance.py:2585} INFO - 1 downstream tasks scheduled from follow-on schedule check
[2023-04-25T08:57:25.393+0000] {taskinstance.py:1090} INFO - Dependencies all met for dep_context=non-requeueable deps ti=<TaskInstance: task_on_table.insert_values scheduled__2023-04-24T00:00:00+00:00 [queued]>
[2023-04-25T08:57:25.400+0000] {taskinstance.py:1090} INFO - Dependencies all met for dep_context=requeueable deps ti=<TaskInstance: task_on_table.insert_values scheduled__2023-04-24T00:00:00+00:00 [queued]>
[2023-04-25T08:57:25.400+0000] {taskinstance.py:1288} INFO - 
--------------------------------------------------------------------------------
[2023-04-25T08:57:25.401+0000] {taskinstance.py:1289} INFO - Starting attempt 1 of 1
[2023-04-25T08:57:25.401+0000] {taskinstance.py:1290} INFO - 
--------------------------------------------------------------------------------
[2023-04-25T08:57:25.409+0000] {taskinstance.py:1309} INFO - Executing <Task(PostgresOperator): insert_values> on 2023-04-24 00:00:00+00:00
[2023-04-25T08:57:25.413+0000] {standard_task_runner.py:55} INFO - Started process 2509 to run task
[2023-04-25T08:57:25.416+0000] {standard_task_runner.py:82} INFO - Running: ['***', 'tasks', 'run', 'task_on_table', 'insert_values', 'scheduled__2023-04-24T00:00:00+00:00', '--job-id', '121', '--raw', '--subdir', 'DAGS_FOLDER/Task1.py', '--cfg-path', '/tmp/tmp8omppeer']
[2023-04-25T08:57:25.417+0000] {standard_task_runner.py:83} INFO - Job 121: Subtask insert_values
[2023-04-25T08:57:25.467+0000] {task_command.py:389} INFO - Running <TaskInstance: task_on_table.insert_values scheduled__2023-04-24T00:00:00+00:00 [running]> on host d51842477fac
[2023-04-25T08:57:25.514+0000] {taskinstance.py:1518} INFO - Exporting the following env vars:
AIRFLOW_CTX_DAG_OWNER=***
AIRFLOW_CTX_DAG_ID=task_on_table
AIRFLOW_CTX_TASK_ID=insert_values
AIRFLOW_CTX_EXECUTION_DATE=2023-04-24T00:00:00+00:00
AIRFLOW_CTX_TRY_NUMBER=1
AIRFLOW_CTX_DAG_RUN_ID=scheduled__2023-04-24T00:00:00+00:00
[2023-04-25T08:57:25.515+0000] {sql.py:254} INFO - Executing: 
                INSERT INTO users VALUES
                ('amit','shukla','india','cseamit@gmail.com'),
                ('sam','curran','australia','sam@gmail.com'),
                ('Sumit','Sharma','India','sumit@gmail.com') ;    
        
[2023-04-25T08:57:25.522+0000] {base.py:73} INFO - Using connection ID 'postgres' for task execution.
[2023-04-25T08:57:25.628+0000] {base.py:73} INFO - Using connection ID 'postgres' for task execution.
[2023-04-25T08:57:25.633+0000] {sql.py:375} INFO - Running statement: 
                INSERT INTO users VALUES
                ('amit','shukla','india','cseamit@gmail.com'),
                ('sam','curran','australia','sam@gmail.com'),
                ('Sumit','Sharma','India','sumit@gmail.com') ;    
        , parameters: None
[2023-04-25T08:57:25.634+0000] {sql.py:384} INFO - Rows affected: 3
[2023-04-25T08:57:25.643+0000] {taskinstance.py:1332} INFO - Marking task as SUCCESS. dag_id=task_on_table, task_id=insert_values, execution_date=20230424T000000, start_date=20230425T085725, end_date=20230425T085725
[2023-04-25T08:57:25.672+0000] {local_task_job.py:212} INFO - Task exited with return code 0
[2023-04-25T08:57:25.688+0000] {taskinstance.py:2596} INFO - 1 downstream tasks scheduled from follow-on schedule check
