[2023-04-25T06:12:11.979+0000] {taskinstance.py:1084} INFO - Dependencies all met for dep_context=non-requeueable deps ti=<TaskInstance: task_on_table.insert_values scheduled__2023-04-22T00:00:00+00:00 [queued]>
[2023-04-25T06:12:11.986+0000] {taskinstance.py:1084} INFO - Dependencies all met for dep_context=requeueable deps ti=<TaskInstance: task_on_table.insert_values scheduled__2023-04-22T00:00:00+00:00 [queued]>
[2023-04-25T06:12:11.987+0000] {taskinstance.py:1282} INFO - 
--------------------------------------------------------------------------------
[2023-04-25T06:12:11.987+0000] {taskinstance.py:1283} INFO - Starting attempt 1 of 1
[2023-04-25T06:12:11.987+0000] {taskinstance.py:1284} INFO - 
--------------------------------------------------------------------------------
[2023-04-25T06:12:12.001+0000] {taskinstance.py:1303} INFO - Executing <Task(PostgresOperator): insert_values> on 2023-04-22 00:00:00+00:00
[2023-04-25T06:12:12.004+0000] {standard_task_runner.py:55} INFO - Started process 187 to run task
[2023-04-25T06:12:12.008+0000] {standard_task_runner.py:82} INFO - Running: ['***', 'tasks', 'run', 'task_on_table', 'insert_values', 'scheduled__2023-04-22T00:00:00+00:00', '--job-id', '63', '--raw', '--subdir', 'DAGS_FOLDER/Task1.py', '--cfg-path', '/tmp/tmpj6zstoio']
[2023-04-25T06:12:12.011+0000] {standard_task_runner.py:83} INFO - Job 63: Subtask insert_values
[2023-04-25T06:12:12.089+0000] {task_command.py:388} INFO - Running <TaskInstance: task_on_table.insert_values scheduled__2023-04-22T00:00:00+00:00 [running]> on host 1d6f684d238a
[2023-04-25T06:12:12.144+0000] {taskinstance.py:1511} INFO - Exporting the following env vars:
AIRFLOW_CTX_DAG_OWNER=***
AIRFLOW_CTX_DAG_ID=task_on_table
AIRFLOW_CTX_TASK_ID=insert_values
AIRFLOW_CTX_EXECUTION_DATE=2023-04-22T00:00:00+00:00
AIRFLOW_CTX_TRY_NUMBER=1
AIRFLOW_CTX_DAG_RUN_ID=scheduled__2023-04-22T00:00:00+00:00
[2023-04-25T06:12:12.144+0000] {sql.py:254} INFO - Executing: 
                INSERT INTO users VALUES
                ('amit','shukla','india','cseamit@gmail.com'),
                ('sam','curran','australia','sam@gmail.com'),
                ('Sumit','Sharma','India','sumit@gmail.com') ;    
        
[2023-04-25T06:12:12.152+0000] {base.py:73} INFO - Using connection ID 'postgres' for task execution.
[2023-04-25T06:12:12.263+0000] {base.py:73} INFO - Using connection ID 'postgres' for task execution.
[2023-04-25T06:12:12.269+0000] {sql.py:375} INFO - Running statement: 
                INSERT INTO users VALUES
                ('amit','shukla','india','cseamit@gmail.com'),
                ('sam','curran','australia','sam@gmail.com'),
                ('Sumit','Sharma','India','sumit@gmail.com') ;    
        , parameters: None
[2023-04-25T06:12:12.273+0000] {sql.py:384} INFO - Rows affected: 3
[2023-04-25T06:12:12.283+0000] {taskinstance.py:1326} INFO - Marking task as SUCCESS. dag_id=task_on_table, task_id=insert_values, execution_date=20230422T000000, start_date=20230425T061211, end_date=20230425T061212
[2023-04-25T06:12:12.305+0000] {local_task_job.py:212} INFO - Task exited with return code 0
[2023-04-25T06:12:12.325+0000] {taskinstance.py:2585} INFO - 1 downstream tasks scheduled from follow-on schedule check
