[2023-04-25T09:02:50.371+0000] {taskinstance.py:1090} INFO - Dependencies all met for dep_context=non-requeueable deps ti=<TaskInstance: task_on_email.send_email manual__2023-04-25T09:02:48.926422+00:00 [queued]>
[2023-04-25T09:02:50.377+0000] {taskinstance.py:1090} INFO - Dependencies all met for dep_context=requeueable deps ti=<TaskInstance: task_on_email.send_email manual__2023-04-25T09:02:48.926422+00:00 [queued]>
[2023-04-25T09:02:50.377+0000] {taskinstance.py:1288} INFO - 
--------------------------------------------------------------------------------
[2023-04-25T09:02:50.378+0000] {taskinstance.py:1289} INFO - Starting attempt 1 of 6
[2023-04-25T09:02:50.378+0000] {taskinstance.py:1290} INFO - 
--------------------------------------------------------------------------------
[2023-04-25T09:02:50.386+0000] {taskinstance.py:1309} INFO - Executing <Task(EmailOperator): send_email> on 2023-04-25 09:02:48.926422+00:00
[2023-04-25T09:02:50.389+0000] {standard_task_runner.py:55} INFO - Started process 2641 to run task
[2023-04-25T09:02:50.392+0000] {standard_task_runner.py:82} INFO - Running: ['***', 'tasks', 'run', 'task_on_email', 'send_email', 'manual__2023-04-25T09:02:48.926422+00:00', '--job-id', '127', '--raw', '--subdir', 'DAGS_FOLDER/Task2.py', '--cfg-path', '/tmp/tmpcifaz7dv']
[2023-04-25T09:02:50.393+0000] {standard_task_runner.py:83} INFO - Job 127: Subtask send_email
[2023-04-25T09:02:50.445+0000] {task_command.py:389} INFO - Running <TaskInstance: task_on_email.send_email manual__2023-04-25T09:02:48.926422+00:00 [running]> on host d51842477fac
[2023-04-25T09:02:50.495+0000] {taskinstance.py:1518} INFO - Exporting the following env vars:
AIRFLOW_CTX_DAG_OWNER=admin
AIRFLOW_CTX_DAG_ID=task_on_email
AIRFLOW_CTX_TASK_ID=send_email
AIRFLOW_CTX_EXECUTION_DATE=2023-04-25T09:02:48.926422+00:00
AIRFLOW_CTX_TRY_NUMBER=1
AIRFLOW_CTX_DAG_RUN_ID=manual__2023-04-25T09:02:48.926422+00:00
[2023-04-25T09:02:50.503+0000] {base.py:73} INFO - Using connection ID 'email_smtp' for task execution.
[2023-04-25T09:02:50.504+0000] {email.py:268} INFO - Email alerting: attempt 1
[2023-04-25T09:02:51.781+0000] {email.py:280} INFO - Sent an alert email to ['amitshukla@sigmoidanalytics.com']
[2023-04-25T09:02:53.435+0000] {taskinstance.py:1332} INFO - Marking task as SUCCESS. dag_id=task_on_email, task_id=send_email, execution_date=20230425T090248, start_date=20230425T090250, end_date=20230425T090253
[2023-04-25T09:02:53.482+0000] {local_task_job.py:212} INFO - Task exited with return code 0
[2023-04-25T09:02:53.497+0000] {taskinstance.py:2596} INFO - 0 downstream tasks scheduled from follow-on schedule check
